\BOOKMARK [0][-]{chapter.1}{Introduction}{}% 1
\BOOKMARK [1][-]{section.1.1}{COVID-19 and Cyberattacks}{chapter.1}% 2
\BOOKMARK [1][-]{section.1.2}{Distributed Systems}{chapter.1}% 3
\BOOKMARK [1][-]{section.1.3}{Decentralised Systems}{chapter.1}% 4
\BOOKMARK [1][-]{section.1.4}{Blockchain}{chapter.1}% 5
\BOOKMARK [0][-]{chapter.2}{Project Aims and Objectives}{}% 6
\BOOKMARK [1][-]{section.2.1}{Aim}{chapter.2}% 7
\BOOKMARK [1][-]{section.2.2}{Objectives}{chapter.2}% 8
\BOOKMARK [0][-]{chapter.3}{Background}{}% 9
\BOOKMARK [1][-]{section.3.1}{Distributed Systems}{chapter.3}% 10
\BOOKMARK [2][-]{subsection.3.1.1}{Architecture}{section.3.1}% 11
\BOOKMARK [2][-]{subsection.3.1.2}{Remote Procedure Calls \(RPC\)}{section.3.1}% 12
\BOOKMARK [1][-]{section.3.2}{Decentralised Systems}{chapter.3}% 13
\BOOKMARK [1][-]{section.3.3}{Blockchain}{chapter.3}% 14
\BOOKMARK [1][-]{section.3.4}{Distributed Security}{chapter.3}% 15
\BOOKMARK [1][-]{section.3.5}{Firewalls and Firewall Rules}{chapter.3}% 16
\BOOKMARK [1][-]{section.3.6}{Fault Tolerance}{chapter.3}% 17
\BOOKMARK [1][-]{section.3.7}{Computer Networks}{chapter.3}% 18
\BOOKMARK [1][-]{section.3.8}{Inter-Process Communication \(IPC\)}{chapter.3}% 19
\BOOKMARK [0][-]{chapter.4}{Design}{}% 20
\BOOKMARK [1][-]{section.4.1}{System Architecture}{chapter.4}% 21
\BOOKMARK [1][-]{section.4.2}{Data Structures}{chapter.4}% 22
\BOOKMARK [2][-]{subsection.4.2.1}{Firewall Rule}{section.4.2}% 23
\BOOKMARK [2][-]{subsection.4.2.2}{Firewall Block}{section.4.2}% 24
\BOOKMARK [1][-]{section.4.3}{Message Structures}{chapter.4}% 25
\BOOKMARK [2][-]{subsection.4.3.1}{Network}{section.4.3}% 26
\BOOKMARK [2][-]{subsection.4.3.2}{IPC}{section.4.3}% 27
\BOOKMARK [1][-]{section.4.4}{Protocol}{chapter.4}% 28
\BOOKMARK [0][-]{chapter.5}{Implementation}{}% 29
\BOOKMARK [0][-]{chapter.6}{Testing}{}% 30
\BOOKMARK [0][-]{chapter.7}{Evaluation}{}% 31
\BOOKMARK [0][-]{chapter.8}{Conclusion}{}% 32
\BOOKMARK [0][-]{section*.7}{Glossary}{}% 33
\BOOKMARK [0][-]{section*.9}{Acronyms}{}% 34
