This is pdfTeX, Version 3.14159265-2.6-1.40.21 (TeX Live 2020/Arch Linux) (preloaded format=pdflatex 2021.3.29)  5 APR 2021 17:44
entering extended mode
 restricted \write18 enabled.
 %&-line parsing enabled.
**paper.tex
(./paper.tex
LaTeX2e <2020-10-01> patch level 2
L3 programming layer <2020-12-03> xparse <2020-03-03>
(/usr/share/texmf-dist/tex/latex/base/report.cls
Document Class: report 2020/04/10 v1.4m Standard LaTeX document class
(/usr/share/texmf-dist/tex/latex/base/size12.clo
File: size12.clo 2020/04/10 v1.4m Standard LaTeX file (size option)
)
\c@part=\count177
\c@chapter=\count178
\c@section=\count179
\c@subsection=\count180
\c@subsubsection=\count181
\c@paragraph=\count182
\c@subparagraph=\count183
\c@figure=\count184
\c@table=\count185
\abovecaptionskip=\skip47
\belowcaptionskip=\skip48
\bibindent=\dimen138
)
(/usr/share/texmf-dist/tex/latex/geometry/geometry.sty
Package: geometry 2020/01/02 v5.9 Page Geometry

(/usr/share/texmf-dist/tex/latex/graphics/keyval.sty
Package: keyval 2014/10/28 v1.15 key=value parser (DPC)
\KV@toks@=\toks15
)
(/usr/share/texmf-dist/tex/generic/iftex/ifvtex.sty
Package: ifvtex 2019/10/25 v1.7 ifvtex legacy package. Use iftex instead.

(/usr/share/texmf-dist/tex/generic/iftex/iftex.sty
Package: iftex 2020/03/06 v1.0d TeX engine tests
))
\Gm@cnth=\count186
\Gm@cntv=\count187
\c@Gm@tempcnt=\count188
\Gm@bindingoffset=\dimen139
\Gm@wd@mp=\dimen140
\Gm@odd@mp=\dimen141
\Gm@even@mp=\dimen142
\Gm@layoutwidth=\dimen143
\Gm@layoutheight=\dimen144
\Gm@layouthoffset=\dimen145
\Gm@layoutvoffset=\dimen146
\Gm@dimlist=\toks16
)
(/usr/share/texmf-dist/tex/latex/listings/listings.sty
\lst@mode=\count189
\lst@gtempboxa=\box47
\lst@token=\toks17
\lst@length=\count190
\lst@currlwidth=\dimen147
\lst@column=\count191
\lst@pos=\count192
\lst@lostspace=\dimen148
\lst@width=\dimen149
\lst@newlines=\count193
\lst@lineno=\count194
\lst@maxwidth=\dimen150

(/usr/share/texmf-dist/tex/latex/listings/lstmisc.sty
File: lstmisc.sty 2020/03/24 1.8d (Carsten Heinz)
\c@lstnumber=\count195
\lst@skipnumbers=\count196
\lst@framebox=\box48
)
(/usr/share/texmf-dist/tex/latex/listings/listings.cfg
File: listings.cfg 2020/03/24 1.8d listings configuration
))
Package: listings 2020/03/24 1.8d (Carsten Heinz)

(/usr/share/texmf-dist/tex/latex/underscore/underscore.sty
Package: underscore 2006/09/13
LaTeX Info: Redefining \_ on input line 42.
)
(/home/adam/texmf/tex/latex/dirtytalk.sty
Package: dirtytalk 2010/11/21 A package making "quoting" easier

(/usr/share/texmf-dist/tex/latex/kvoptions/kvoptions.sty
Package: kvoptions 2020-10-07 v3.14 Key value format for package options (HO)

(/usr/share/texmf-dist/tex/generic/ltxcmds/ltxcmds.sty
Package: ltxcmds 2020-05-10 v1.25 LaTeX kernel commands for general use (HO)
)
(/usr/share/texmf-dist/tex/generic/kvsetkeys/kvsetkeys.sty
Package: kvsetkeys 2019/12/15 v1.18 Key value parser (HO)
))
(/usr/share/texmf-dist/tex/latex/base/ifthen.sty
Package: ifthen 2014/09/29 v1.1c Standard LaTeX ifthen package (DPC)
)
\c@dirtytalk@qdepth=\count197
)
(/usr/share/texmf-dist/tex/latex/xcolor/xcolor.sty
Package: xcolor 2016/05/11 v2.12 LaTeX color extensions (UK)

(/usr/share/texmf-dist/tex/latex/graphics-cfg/color.cfg
File: color.cfg 2016/01/02 v1.6 sample color configuration
)
Package xcolor Info: Driver file: pdftex.def on input line 225.

(/usr/share/texmf-dist/tex/latex/graphics-def/pdftex.def
File: pdftex.def 2020/10/05 v1.2a Graphics/color driver for pdftex
)
Package xcolor Info: Model `cmy' substituted by `cmy0' on input line 1348.
Package xcolor Info: Model `hsb' substituted by `rgb' on input line 1352.
Package xcolor Info: Model `RGB' extended on input line 1364.
Package xcolor Info: Model `HTML' substituted by `rgb' on input line 1366.
Package xcolor Info: Model `Hsb' substituted by `hsb' on input line 1367.
Package xcolor Info: Model `tHsb' substituted by `hsb' on input line 1368.
Package xcolor Info: Model `HSB' substituted by `hsb' on input line 1369.
Package xcolor Info: Model `Gray' substituted by `gray' on input line 1370.
Package xcolor Info: Model `wave' substituted by `hsb' on input line 1371.
)
(/usr/share/texmf-dist/tex/latex/tools/multicol.sty
Package: multicol 2019/12/09 v1.8y multicolumn formatting (FMi)
\c@tracingmulticols=\count198
\mult@box=\box49
\multicol@leftmargin=\dimen151
\c@unbalance=\count199
\c@collectmore=\count266
\doublecol@number=\count267
\multicoltolerance=\count268
\multicolpretolerance=\count269
\full@width=\dimen152
\page@free=\dimen153
\premulticols=\dimen154
\postmulticols=\dimen155
\multicolsep=\skip49
\multicolbaselineskip=\skip50
\partial@page=\box50
\last@line=\box51
\maxbalancingoverflow=\dimen156
\mult@rightbox=\box52
\mult@grightbox=\box53
\mult@gfirstbox=\box54
\mult@firstbox=\box55
\@tempa=\box56
\@tempa=\box57
\@tempa=\box58
\@tempa=\box59
\@tempa=\box60
\@tempa=\box61
\@tempa=\box62
\@tempa=\box63
\@tempa=\box64
\@tempa=\box65
\@tempa=\box66
\@tempa=\box67
\@tempa=\box68
\@tempa=\box69
\@tempa=\box70
\@tempa=\box71
\@tempa=\box72
\@tempa=\box73
\@tempa=\box74
\@tempa=\box75
\@tempa=\box76
\@tempa=\box77
\@tempa=\box78
\@tempa=\box79
\@tempa=\box80
\@tempa=\box81
\@tempa=\box82
\@tempa=\box83
\@tempa=\box84
\@tempa=\box85
\@tempa=\box86
\@tempa=\box87
\@tempa=\box88
\@tempa=\box89
\@tempa=\box90
\@tempa=\box91
\@tempa=\box92
\c@minrows=\count270
\c@columnbadness=\count271
\c@finalcolumnbadness=\count272
\last@try=\dimen157
\multicolovershoot=\dimen158
\multicolundershoot=\dimen159
\mult@nat@firstbox=\box93
\colbreak@box=\box94
\mc@col@check@num=\count273
)
(/usr/share/texmf-dist/tex/latex/graphics/graphicx.sty
Package: graphicx 2020/09/09 v1.2b Enhanced LaTeX Graphics (DPC,SPQR)

(/usr/share/texmf-dist/tex/latex/graphics/graphics.sty
Package: graphics 2020/08/30 v1.4c Standard LaTeX Graphics (DPC,SPQR)

(/usr/share/texmf-dist/tex/latex/graphics/trig.sty
Package: trig 2016/01/03 v1.10 sin cos tan (DPC)
)
(/usr/share/texmf-dist/tex/latex/graphics-cfg/graphics.cfg
File: graphics.cfg 2016/06/04 v1.11 sample graphics configuration
)
Package graphics Info: Driver file: pdftex.def on input line 105.
)
\Gin@req@height=\dimen160
\Gin@req@width=\dimen161
)
(/usr/share/texmf-dist/tex/latex/pdfpages/pdfpages.sty
Package: pdfpages 2020/01/28 v0.5q Insert pages of external PDF documents (AM)

(/usr/share/texmf-dist/tex/latex/tools/calc.sty
Package: calc 2017/05/25 v4.3 Infix arithmetic (KKT,FJ)
\calc@Acount=\count274
\calc@Bcount=\count275
\calc@Adimen=\dimen162
\calc@Bdimen=\dimen163
\calc@Askip=\skip51
\calc@Bskip=\skip52
LaTeX Info: Redefining \setlength on input line 80.
LaTeX Info: Redefining \addtolength on input line 81.
\calc@Ccount=\count276
\calc@Cskip=\skip53
)
(/usr/share/texmf-dist/tex/latex/eso-pic/eso-pic.sty
Package: eso-pic 2020/10/14 v3.0a eso-pic (RN)
\ESO@tempdima=\dimen164
\ESO@tempdimb=\dimen165
)
\AM@pagewidth=\dimen166
\AM@pageheight=\dimen167

(/usr/share/texmf-dist/tex/latex/pdfpages/pppdftex.def
File: pppdftex.def 2020/01/28 v0.5q Pdfpages driver for pdfTeX (AM)
)
\AM@pagebox=\box95
\AM@global@opts=\toks18
\AM@pagecnt=\count277
\AM@toc@title=\toks19
\c@AM@survey=\count278
\AM@templatesizebox=\box96
)
(/home/adam/texmf/tex/latex/appendix.sty
Package: appendix 2020/02/08 v1.2c extra appendix facilities
\c@@pps=\count279
\c@@ppsavesec=\count280
\c@@ppsaveapp=\count281
)
(/usr/share/texmf-dist/tex/latex/float/float.sty
Package: float 2001/11/08 v1.3d Float enhancements (AL)
\c@float@type=\count282
\float@exts=\toks20
\float@box=\box97
\@float@everytoks=\toks21
\@floatcapt=\box98
)
(/usr/share/texmf-dist/tex/latex/hyperref/hyperref.sty
Package: hyperref 2020-05-15 v7.00e Hypertext links for LaTeX

(/usr/share/texmf-dist/tex/generic/pdftexcmds/pdftexcmds.sty
Package: pdftexcmds 2020-06-27 v0.33 Utility functions of pdfTeX for LuaTeX (HO
)

(/usr/share/texmf-dist/tex/generic/infwarerr/infwarerr.sty
Package: infwarerr 2019/12/03 v1.5 Providing info/warning/error messages (HO)
)
Package pdftexcmds Info: \pdf@primitive is available.
Package pdftexcmds Info: \pdf@ifprimitive is available.
Package pdftexcmds Info: \pdfdraftmode found.
)
(/usr/share/texmf-dist/tex/generic/kvdefinekeys/kvdefinekeys.sty
Package: kvdefinekeys 2019-12-19 v1.6 Define keys (HO)
)
(/usr/share/texmf-dist/tex/generic/pdfescape/pdfescape.sty
Package: pdfescape 2019/12/09 v1.15 Implements pdfTeX's escape features (HO)
)
(/usr/share/texmf-dist/tex/latex/hycolor/hycolor.sty
Package: hycolor 2020-01-27 v1.10 Color options for hyperref/bookmark (HO)
)
(/usr/share/texmf-dist/tex/latex/letltxmacro/letltxmacro.sty
Package: letltxmacro 2019/12/03 v1.6 Let assignment for LaTeX macros (HO)
)
(/usr/share/texmf-dist/tex/latex/auxhook/auxhook.sty
Package: auxhook 2019-12-17 v1.6 Hooks for auxiliary files (HO)
)
\@linkdim=\dimen168
\Hy@linkcounter=\count283
\Hy@pagecounter=\count284

(/usr/share/texmf-dist/tex/latex/hyperref/pd1enc.def
File: pd1enc.def 2020-05-15 v7.00e Hyperref: PDFDocEncoding definition (HO)
Now handling font encoding PD1 ...
... no UTF-8 mapping file for font encoding PD1
)
(/usr/share/texmf-dist/tex/generic/intcalc/intcalc.sty
Package: intcalc 2019/12/15 v1.3 Expandable calculations with integers (HO)
)
(/usr/share/texmf-dist/tex/generic/etexcmds/etexcmds.sty
Package: etexcmds 2019/12/15 v1.7 Avoid name clashes with e-TeX commands (HO)
)
\Hy@SavedSpaceFactor=\count285
Package hyperref Info: Hyper figures OFF on input line 4464.
Package hyperref Info: Link nesting OFF on input line 4469.
Package hyperref Info: Hyper index ON on input line 4472.
Package hyperref Info: Plain pages OFF on input line 4479.
Package hyperref Info: Backreferencing OFF on input line 4484.
Package hyperref Info: Implicit mode ON; LaTeX internals redefined.
Package hyperref Info: Bookmarks ON on input line 4717.
\c@Hy@tempcnt=\count286

(/usr/share/texmf-dist/tex/latex/url/url.sty
\Urlmuskip=\muskip16
Package: url 2013/09/16  ver 3.4  Verb mode for urls, etc.
)
LaTeX Info: Redefining \url on input line 5076.
\XeTeXLinkMargin=\dimen169

(/usr/share/texmf-dist/tex/generic/bitset/bitset.sty
Package: bitset 2019/12/09 v1.3 Handle bit-vector datatype (HO)

(/usr/share/texmf-dist/tex/generic/bigintcalc/bigintcalc.sty
Package: bigintcalc 2019/12/15 v1.5 Expandable calculations on big integers (HO
)
))
\Fld@menulength=\count287
\Field@Width=\dimen170
\Fld@charsize=\dimen171
Package hyperref Info: Hyper figures OFF on input line 6347.
Package hyperref Info: Link nesting OFF on input line 6352.
Package hyperref Info: Hyper index ON on input line 6355.
Package hyperref Info: backreferencing OFF on input line 6362.
Package hyperref Info: Link coloring OFF on input line 6367.
Package hyperref Info: Link coloring with OCG OFF on input line 6372.
Package hyperref Info: PDF/A mode OFF on input line 6377.
LaTeX Info: Redefining \ref on input line 6417.
LaTeX Info: Redefining \pageref on input line 6421.

(/usr/share/texmf-dist/tex/latex/base/atbegshi-ltx.sty
Package: atbegshi-ltx 2020/08/17 v1.0a Emulation of the original atbegshi packa
ge
with kernel methods
)
\Hy@abspage=\count288
\c@Item=\count289
\c@Hfootnote=\count290
)
Package hyperref Info: Driver (autodetected): hpdftex.

(/usr/share/texmf-dist/tex/latex/hyperref/hpdftex.def
File: hpdftex.def 2020-05-15 v7.00e Hyperref driver for pdfTeX

(/usr/share/texmf-dist/tex/latex/base/atveryend-ltx.sty
Package: atveryend-ltx 2020/08/19 v1.0a Emulation of the original atvery packag
e
with kernel methods
)
\Fld@listcount=\count291
\c@bookmark@seq@number=\count292

(/usr/share/texmf-dist/tex/latex/rerunfilecheck/rerunfilecheck.sty
Package: rerunfilecheck 2019/12/05 v1.9 Rerun checks for auxiliary files (HO)

(/usr/share/texmf-dist/tex/generic/uniquecounter/uniquecounter.sty
Package: uniquecounter 2019/12/15 v1.4 Provide unlimited unique counter (HO)
)
Package uniquecounter Info: New unique counter `rerunfilecheck' on input line 2
86.
)
\Hy@SectionHShift=\skip54
)
(/home/adam/texmf/tex/latex/glossaries.sty
Package: glossaries 2020/03/19 v4.46 (NLCT)

(/usr/share/texmf-dist/tex/latex/xkeyval/xkeyval.sty
Package: xkeyval 2020/11/20 v2.8 package option processing (HA)

(/usr/share/texmf-dist/tex/generic/xkeyval/xkeyval.tex
(/usr/share/texmf-dist/tex/generic/xkeyval/xkvutils.tex
\XKV@toks=\toks22
\XKV@tempa@toks=\toks23
)
\XKV@depth=\count293
File: xkeyval.tex 2014/12/03 v2.7a key=value parser (HA)
))
(/home/adam/texmf/tex/latex/mfirstuc.sty
Package: mfirstuc 2017/11/14 v2.06 (NLCT)

(/usr/share/texmf-dist/tex/latex/etoolbox/etoolbox.sty
Package: etoolbox 2020/10/05 v2.5k e-TeX tools for LaTeX (JAW)
\etb@tempcnta=\count294
)
\@glsmfirst=\toks24
\@glsmrest=\toks25
)
(/usr/share/texmf-dist/tex/latex/textcase/textcase.sty
Package: textcase 2019/09/14 v1.00 Text only upper/lower case changing (DPC)
)
(/home/adam/texmf/tex/latex/xfor.sty
Package: xfor 2009/02/05 v1.05 (NLCT)
)
(/home/adam/texmf/tex/latex/datatool-base.sty
Package: datatool-base 2019/09/27 v2.32 (NLCT)

(/usr/share/texmf-dist/tex/latex/amsmath/amsmath.sty
Package: amsmath 2020/09/23 v2.17i AMS math features
\@mathmargin=\skip55

For additional information on amsmath, use the `?' option.
(/usr/share/texmf-dist/tex/latex/amsmath/amstext.sty
Package: amstext 2000/06/29 v2.01 AMS text

(/usr/share/texmf-dist/tex/latex/amsmath/amsgen.sty
File: amsgen.sty 1999/11/30 v2.0 generic functions
\@emptytoks=\toks26
\ex@=\dimen172
))
(/usr/share/texmf-dist/tex/latex/amsmath/amsbsy.sty
Package: amsbsy 1999/11/29 v1.2d Bold Symbols
\pmbraise@=\dimen173
)
(/usr/share/texmf-dist/tex/latex/amsmath/amsopn.sty
Package: amsopn 2016/03/08 v2.02 operator names
)
\inf@bad=\count295
LaTeX Info: Redefining \frac on input line 234.
\uproot@=\count296
\leftroot@=\count297
LaTeX Info: Redefining \overline on input line 399.
\classnum@=\count298
\DOTSCASE@=\count299
LaTeX Info: Redefining \ldots on input line 496.
LaTeX Info: Redefining \dots on input line 499.
LaTeX Info: Redefining \cdots on input line 620.
\Mathstrutbox@=\box99
\strutbox@=\box100
\big@size=\dimen174
LaTeX Font Info:    Redeclaring font encoding OML on input line 743.
LaTeX Font Info:    Redeclaring font encoding OMS on input line 744.
\macc@depth=\count300
\c@MaxMatrixCols=\count301
\dotsspace@=\muskip17
\c@parentequation=\count302
\dspbrk@lvl=\count303
\tag@help=\toks27
\row@=\count304
\column@=\count305
\maxfields@=\count306
\andhelp@=\toks28
\eqnshift@=\dimen175
\alignsep@=\dimen176
\tagshift@=\dimen177
\tagwidth@=\dimen178
\totwidth@=\dimen179
\lineht@=\dimen180
\@envbody=\toks29
\multlinegap=\skip56
\multlinetaggap=\skip57
\mathdisplay@stack=\toks30
LaTeX Info: Redefining \[ on input line 2923.
LaTeX Info: Redefining \] on input line 2924.
)
(/home/adam/texmf/tex/latex/substr.sty
Package: substr 2009/10/20 v1.2 Handle substrings
\c@su@anzahl=\count307
)
(/home/adam/texmf/tex/latex/datatool-fp.sty
Package: datatool-fp 2019/09/27 v2.32 (NLCT)

(/usr/share/texmf-dist/tex/latex/fp/fp.sty
Package: fp 1995/04/02

`Fixed Point Package', Version 0.8, April 2, 1995 (C) Michael Mehlich
(/usr/share/texmf-dist/tex/latex/fp/defpattern.sty
Package: defpattern 1994/10/12
\actioncount=\count308
)
(/usr/share/texmf-dist/tex/latex/fp/fp-basic.sty
Package: fp-basic 1996/05/13
\FP@xs=\count309
\FP@xia=\count310
\FP@xib=\count311
\FP@xfa=\count312
\FP@xfb=\count313
\FP@rega=\count314
\FP@regb=\count315
\FP@regs=\count316
\FP@times=\count317
)
(/usr/share/texmf-dist/tex/latex/fp/fp-addons.sty
Package: fp-addons 1995/03/15
)
(/usr/share/texmf-dist/tex/latex/fp/fp-snap.sty
Package: fp-snap 1995/04/05
)
(/usr/share/texmf-dist/tex/latex/fp/fp-exp.sty
Package: fp-exp 1995/04/03
)
(/usr/share/texmf-dist/tex/latex/fp/fp-trigo.sty
Package: fp-trigo 1995/04/14
)
(/usr/share/texmf-dist/tex/latex/fp/fp-pas.sty
Package: fp-pas 1994/08/29
)
(/usr/share/texmf-dist/tex/latex/fp/fp-random.sty
Package: fp-random 1995/02/23
\FPseed=\count318
)
(/usr/share/texmf-dist/tex/latex/fp/fp-eqn.sty
Package: fp-eqn 1995/04/03
)
(/usr/share/texmf-dist/tex/latex/fp/fp-upn.sty
Package: fp-upn 1996/10/21
)
(/usr/share/texmf-dist/tex/latex/fp/fp-eval.sty
Package: fp-eval 1995/04/03
)))
\@dtl@toks=\toks31
\@dtl@tmpcount=\count319
\dtl@tmplength=\skip58
\dtl@sortresult=\count320
\@dtl@numgrpsepcount=\count321
\@dtl@datatype=\count322
\dtl@codeA=\count323
\dtl@codeB=\count324
\@dtl@foreach@level=\count325
)
(/home/adam/texmf/tex/latex/glossaries-compatible-307.sty
Package: glossaries-compatible-307 2020/03/19 v4.46 (NLCT)
)
\gls@level=\count326
\@gls@tmpb=\toks32
\gls@tmplen=\skip59
\glskeylisttok=\toks33
\glslabeltok=\toks34
\glsshorttok=\toks35
\glslongtok=\toks36

(/home/adam/texmf/tex/latex/glossary-hypernav.sty
Package: glossary-hypernav 2020/03/19 v4.46 (NLCT)
)
(/home/adam/texmf/tex/latex/glossary-list.sty
Package: glossary-list 2020/03/19 v4.46 (NLCT)
\glslistdottedwidth=\skip60
)
(/home/adam/texmf/tex/latex/glossary-long.sty
Package: glossary-long 2020/03/19 v4.46 (NLCT)

(/usr/share/texmf-dist/tex/latex/tools/longtable.sty
Package: longtable 2020/01/07 v4.13 Multi-page Table package (DPC)
\LTleft=\skip61
\LTright=\skip62
\LTpre=\skip63
\LTpost=\skip64
\LTchunksize=\count327
\LTcapwidth=\dimen181
\LT@head=\box101
\LT@firsthead=\box102
\LT@foot=\box103
\LT@lastfoot=\box104
\LT@cols=\count328
\LT@rows=\count329
\c@LT@tables=\count330
\c@LT@chunks=\count331
\LT@p@ftn=\toks37
)
\glsdescwidth=\skip65
\glspagelistwidth=\skip66
)
(/home/adam/texmf/tex/latex/glossary-tree.sty
Package: glossary-tree 2020/03/19 v4.46 (NLCT)
\glstreeindent=\skip67
)) (./glossary.tex)
\glswrite=\write3
\glo@main@file=\write4
Package glossaries Info: Writing glossary file paper.glo on input line 21.
\glo@acronym@file=\write5
Package glossaries Info: Writing glossary file paper.acn on input line 21.

(/usr/share/texmf-dist/tex/latex/l3backend/l3backend-pdftex.def
File: l3backend-pdftex.def 2020-09-24 L3 backend support: PDF output (pdfTeX)
\l__kernel_color_stack_int=\count332
\l__pdf_internal_box=\box105
) (./paper.aux

LaTeX Warning: Label `fig:middleware' multiply defined.


LaTeX Warning: Label `fig:middleware' multiply defined.

)
LaTeX Font Info:    Checking defaults for OML/cmm/m/it on input line 62.
LaTeX Font Info:    ... okay on input line 62.
LaTeX Font Info:    Checking defaults for OMS/cmsy/m/n on input line 62.
LaTeX Font Info:    ... okay on input line 62.
LaTeX Font Info:    Checking defaults for OT1/cmr/m/n on input line 62.
LaTeX Font Info:    ... okay on input line 62.
LaTeX Font Info:    Checking defaults for T1/cmr/m/n on input line 62.
LaTeX Font Info:    ... okay on input line 62.
LaTeX Font Info:    Checking defaults for TS1/cmr/m/n on input line 62.
LaTeX Font Info:    ... okay on input line 62.
LaTeX Font Info:    Checking defaults for OMX/cmex/m/n on input line 62.
LaTeX Font Info:    ... okay on input line 62.
LaTeX Font Info:    Checking defaults for U/cmr/m/n on input line 62.
LaTeX Font Info:    ... okay on input line 62.
LaTeX Font Info:    Checking defaults for PD1/pdf/m/n on input line 62.
LaTeX Font Info:    ... okay on input line 62.

*geometry* driver: auto-detecting
*geometry* detected driver: pdftex
*geometry* verbose mode - [ preamble ] result:
* driver: pdftex
* paper: a4paper
* layout: <same size as paper>
* layoutoffset:(h,v)=(0.0pt,0.0pt)
* modes: 
* h-part:(L,W,R)=(72.26999pt, 452.9679pt, 72.26999pt)
* v-part:(T,H,B)=(72.26999pt, 700.50687pt, 72.26999pt)
* \paperwidth=597.50787pt
* \paperheight=845.04684pt
* \textwidth=452.9679pt
* \textheight=700.50687pt
* \oddsidemargin=0.0pt
* \evensidemargin=0.0pt
* \topmargin=-37.0pt
* \headheight=12.0pt
* \headsep=25.0pt
* \topskip=12.0pt
* \footskip=30.0pt
* \marginparwidth=35.0pt
* \marginparsep=10.0pt
* \columnsep=10.0pt
* \skip\footins=10.8pt plus 4.0pt minus 2.0pt
* \hoffset=0.0pt
* \voffset=0.0pt
* \mag=1000
* \@twocolumnfalse
* \@twosidefalse
* \@mparswitchfalse
* \@reversemarginfalse
* (1in=72.27pt=25.4mm, 1cm=28.453pt)

\c@lstlisting=\count333
(/usr/share/texmf-dist/tex/context/base/mkii/supp-pdf.mkii
[Loading MPS to PDF converter (version 2006.09.02).]
\scratchcounter=\count334
\scratchdimen=\dimen182
\scratchbox=\box106
\nofMPsegments=\count335
\nofMParguments=\count336
\everyMPshowfont=\toks38
\MPscratchCnt=\count337
\MPscratchDim=\dimen183
\MPnumerator=\count338
\makeMPintoPDFobject=\count339
\everyMPtoPDFconversion=\toks39
) (/usr/share/texmf-dist/tex/latex/epstopdf-pkg/epstopdf-base.sty
Package: epstopdf-base 2020-01-24 v2.11 Base part for package epstopdf
Package epstopdf-base Info: Redefining graphics rule for `.eps' on input line 4
85.

(/usr/share/texmf-dist/tex/latex/latexconfig/epstopdf-sys.cfg
File: epstopdf-sys.cfg 2010/07/13 v1.3 Configuration of (r)epstopdf for TeX Liv
e
))
(/usr/share/texmf-dist/tex/latex/pdflscape/pdflscape.sty
Package: pdflscape 2019/12/05 v0.12 Display of landscape pages in PDF (HO)

(/usr/share/texmf-dist/tex/latex/graphics/lscape.sty
Package: lscape 2020/05/28 v3.02 Landscape Pages (DPC)
)
Package pdflscape Info: Auto-detected driver: pdftex on input line 81.
)
Package hyperref Info: Link coloring OFF on input line 62.

(/usr/share/texmf-dist/tex/latex/hyperref/nameref.sty
Package: nameref 2019/09/16 v2.46 Cross-referencing by name of section

(/usr/share/texmf-dist/tex/latex/refcount/refcount.sty
Package: refcount 2019/12/15 v3.6 Data extraction from label references (HO)
)
(/usr/share/texmf-dist/tex/generic/gettitlestring/gettitlestring.sty
Package: gettitlestring 2019/12/15 v1.6 Cleanup title references (HO)
)
\c@section@level=\count340
)
LaTeX Info: Redefining \ref on input line 62.
LaTeX Info: Redefining \pageref on input line 62.
LaTeX Info: Redefining \nameref on input line 62.

(./paper.out) (./paper.out)
\@outlinefile=\write6
 [1

{/var/lib/texmf/fonts/map/pdftex/updmap/pdftex.map}]pdfTeX warning (ext4): dest
ination with the same identifier (name{page.1}) has been already used, duplicat
e ignored
<to be read again> 
                   \relax 
l.70 \end{abstract}
                    [1] (./paper.toc)
\tf@toc=\write7
pdfTeX warning (ext4): destination with the same identifier (name{page.1}) has 
been already used, duplicate ignored
<to be read again> 
                   \relax 
l.76 \listoffigures
                    [1

] (./paper.lof)
\tf@lof=\write8
 [2

] (./paper.lot)
\tf@lot=\write9
 [3

]
Chapter 1.
[4

]
<./images//TanenbaumDistributed.png, id=206, 1104.125pt x 456.70625pt>
File: ./images//TanenbaumDistributed.png Graphic file (type png)
<use ./images//TanenbaumDistributed.png>
Package pdftex.def Info: ./images//TanenbaumDistributed.png  used on input line
 102.
(pdftex.def)             Requested size: 452.9679pt x 187.36226pt.
 [5 <./images//TanenbaumDistributed.png>]
<./images//NoferBlock.png, id=229, 3368.585pt x 600.2425pt>
File: ./images//NoferBlock.png Graphic file (type png)
<use ./images//NoferBlock.png>
Package pdftex.def Info: ./images//NoferBlock.png  used on input line 113.
(pdftex.def)             Requested size: 452.9679pt x 80.70866pt.
 [6 <./images//NoferBlock.png>]
Chapter 2.
[7

]
Chapter 3.
<./images//appl_layer_proto.png, id=259, 876.27374pt x 439.6425pt>
File: ./images//appl_layer_proto.png Graphic file (type png)
<use ./images//appl_layer_proto.png>
Package pdftex.def Info: ./images//appl_layer_proto.png  used on input line 151
.
(pdftex.def)             Requested size: 283.5421pt x 142.26378pt.
[8

]
<./images//rpc.png, id=286, 1073.00874pt x 510.90875pt>
File: ./images//rpc.png Graphic file (type png)
<use ./images//rpc.png>
Package pdftex.def Info: ./images//rpc.png  used on input line 176.
(pdftex.def)             Requested size: 452.9679pt x 215.67941pt.
 [9 <./images//appl_layer_proto.png>] (./paper.gls [10 <./images//rpc.png>]) (.
/paper.acr [11


]) (./paper.bbl [12


]
Underfull \hbox (badness 10000) in paragraph at lines 13--16
[]\OT1/cmr/m/n/12 NCSC and CSE, ``Ad-vi-sory: APT29 tar-gets COVID-
 []


Underfull \hbox (badness 10000) in paragraph at lines 13--16
\OT1/cmr/m/n/12 19 vac-cine de-vel-op-ment.'' []$\OT1/cmtt/m/n/12 https : / / w
ww . ncsc . gov . uk / files /
 []


Underfull \hbox (badness 10000) in paragraph at lines 39--42
[]$\OT1/cmtt/m/n/12 https : / / dspace . mit . edu / bitstream / handle / 1721 
. 1 / 16279 / 05331643-[]MIT .
 []

) [13

]
Appendix A.
(/usr/share/texmf-dist/tex/latex/listings/lstlang1.sty
File: lstlang1.sty 2020/03/24 1.8d listings language file
)
(/usr/share/texmf-dist/tex/latex/listings/lstmisc.sty
File: lstmisc.sty 2020/03/24 1.8d (Carsten Heinz)
) (../src/main.c [14

]
[15]) (../src/blockchain.h
LaTeX Font Info:    Trying to load font information for TS1+cmtt on input line 
42.
 (/usr/share/texmf-dist/tex/latex/base/ts1cmtt.fd
File: ts1cmtt.fd 2019/12/16 v2.5j Standard LaTeX font definitions
)
[16] [17]) (../src/blockchain.c [18] [19] [20] [21] [22] [23])
(../src/firewall.h [24]) (../src/firewall.c [25]) (../src/ipc.h [26])
(../src/ipc.c [27] [28] [29]) (../src/net.h [30] [31] [32] [33] [34])
(../src/net.c [35] [36] [37] [38] [39] [40] [41] [42] [43] [44] [45] [46]
[47]) (../src/socket.h [48] [49]) (../src/socket.c [50]) [51]
Appendix B.
(../src/example_client/client.c [52

]) [53]
Appendix C.
<../docs/latex/refman.pdf, id=3371, 597.50829pt x 845.0471pt>
File: ../docs/latex/refman.pdf Graphic file (type pdf)
<use ../docs/latex/refman.pdf>
Package pdftex.def Info: ../docs/latex/refman.pdf  used on input line 220.
(pdftex.def)             Requested size: 597.50682pt x 845.04504pt.
File: ../docs/latex/refman.pdf Graphic file (type pdf)
<use ../docs/latex/refman.pdf>
Package pdftex.def Info: ../docs/latex/refman.pdf  used on input line 220.
(pdftex.def)             Requested size: 597.50682pt x 845.04504pt.
<../docs/latex/refman.pdf, id=3374, page=1, 597.50829pt x 845.0471pt>
File: ../docs/latex/refman.pdf Graphic file (type pdf)
<use ../docs/latex/refman.pdf, page 1>
Package pdftex.def Info: ../docs/latex/refman.pdf , page1 used on input line 22
0.
(pdftex.def)             Requested size: 597.50682pt x 845.04504pt.
File: ../docs/latex/refman.pdf Graphic file (type pdf)
<use ../docs/latex/refman.pdf, page 1>
Package pdftex.def Info: ../docs/latex/refman.pdf , page1 used on input line 22
0.
(pdftex.def)             Requested size: 597.53416pt x 845.08372pt.
[54

]
File: ../docs/latex/refman.pdf Graphic file (type pdf)
<use ../docs/latex/refman.pdf, page 1>
Package pdftex.def Info: ../docs/latex/refman.pdf , page1 used on input line 22
0.
(pdftex.def)             Requested size: 597.53416pt x 845.08372pt.
File: ../docs/latex/refman.pdf Graphic file (type pdf)
<use ../docs/latex/refman.pdf, page 1>
Package pdftex.def Info: ../docs/latex/refman.pdf , page1 used on input line 22
0.
(pdftex.def)             Requested size: 597.53416pt x 845.08372pt.
File: ../docs/latex/refman.pdf Graphic file (type pdf)
<use ../docs/latex/refman.pdf, page 1>
Package pdftex.def Info: ../docs/latex/refman.pdf , page1 used on input line 22
0.
(pdftex.def)             Requested size: 597.53416pt x 845.08372pt.
 [55 <../docs/latex/refman.pdf>]
<../docs/latex/refman.pdf, id=3389, page=2, 597.50829pt x 845.0471pt>
File: ../docs/latex/refman.pdf Graphic file (type pdf)
<use ../docs/latex/refman.pdf, page 2>
Package pdftex.def Info: ../docs/latex/refman.pdf , page2 used on input line 22
0.
(pdftex.def)             Requested size: 597.53416pt x 845.08372pt.
File: ../docs/latex/refman.pdf Graphic file (type pdf)
<use ../docs/latex/refman.pdf, page 2>
Package pdftex.def Info: ../docs/latex/refman.pdf , page2 used on input line 22
0.
(pdftex.def)             Requested size: 597.53416pt x 845.08372pt.
File: ../docs/latex/refman.pdf Graphic file (type pdf)
<use ../docs/latex/refman.pdf, page 2>
Package pdftex.def Info: ../docs/latex/refman.pdf , page2 used on input line 22
0.
(pdftex.def)             Requested size: 597.53416pt x 845.08372pt.
 [56 <../docs/latex/refman.pdf>]
<../docs/latex/refman.pdf, id=3394, page=3, 597.50829pt x 845.0471pt>
File: ../docs/latex/refman.pdf Graphic file (type pdf)
<use ../docs/latex/refman.pdf, page 3>
Package pdftex.def Info: ../docs/latex/refman.pdf , page3 used on input line 22
0.
(pdftex.def)             Requested size: 597.53416pt x 845.08372pt.
File: ../docs/latex/refman.pdf Graphic file (type pdf)
<use ../docs/latex/refman.pdf, page 3>
Package pdftex.def Info: ../docs/latex/refman.pdf , page3 used on input line 22
0.
(pdftex.def)             Requested size: 597.53416pt x 845.08372pt.
File: ../docs/latex/refman.pdf Graphic file (type pdf)
<use ../docs/latex/refman.pdf, page 3>
Package pdftex.def Info: ../docs/latex/refman.pdf , page3 used on input line 22
0.
(pdftex.def)             Requested size: 597.53416pt x 845.08372pt.
 [57 <../docs/latex/refman.pdf>]
<../docs/latex/refman.pdf, id=3404, page=4, 597.50829pt x 845.0471pt>
File: ../docs/latex/refman.pdf Graphic file (type pdf)
<use ../docs/latex/refman.pdf, page 4>
Package pdftex.def Info: ../docs/latex/refman.pdf , page4 used on input line 22
0.
(pdftex.def)             Requested size: 597.53416pt x 845.08372pt.
File: ../docs/latex/refman.pdf Graphic file (type pdf)
<use ../docs/latex/refman.pdf, page 4>
Package pdftex.def Info: ../docs/latex/refman.pdf , page4 used on input line 22
0.
(pdftex.def)             Requested size: 597.53416pt x 845.08372pt.
File: ../docs/latex/refman.pdf Graphic file (type pdf)
<use ../docs/latex/refman.pdf, page 4>
Package pdftex.def Info: ../docs/latex/refman.pdf , page4 used on input line 22
0.
(pdftex.def)             Requested size: 597.53416pt x 845.08372pt.
 [58 <../docs/latex/refman.pdf>]
<../docs/latex/refman.pdf, id=3409, page=5, 597.50829pt x 845.0471pt>
File: ../docs/latex/refman.pdf Graphic file (type pdf)
<use ../docs/latex/refman.pdf, page 5>
Package pdftex.def Info: ../docs/latex/refman.pdf , page5 used on input line 22
0.
(pdftex.def)             Requested size: 597.53416pt x 845.08372pt.
File: ../docs/latex/refman.pdf Graphic file (type pdf)
<use ../docs/latex/refman.pdf, page 5>
Package pdftex.def Info: ../docs/latex/refman.pdf , page5 used on input line 22
0.
(pdftex.def)             Requested size: 597.53416pt x 845.08372pt.
File: ../docs/latex/refman.pdf Graphic file (type pdf)
<use ../docs/latex/refman.pdf, page 5>
Package pdftex.def Info: ../docs/latex/refman.pdf , page5 used on input line 22
0.
(pdftex.def)             Requested size: 597.53416pt x 845.08372pt.
 [59 <../docs/latex/refman.pdf>]
<../docs/latex/refman.pdf, id=3415, page=6, 597.50829pt x 845.0471pt>
File: ../docs/latex/refman.pdf Graphic file (type pdf)
<use ../docs/latex/refman.pdf, page 6>
Package pdftex.def Info: ../docs/latex/refman.pdf , page6 used on input line 22
0.
(pdftex.def)             Requested size: 597.53416pt x 845.08372pt.
File: ../docs/latex/refman.pdf Graphic file (type pdf)
<use ../docs/latex/refman.pdf, page 6>
Package pdftex.def Info: ../docs/latex/refman.pdf , page6 used on input line 22
0.
(pdftex.def)             Requested size: 597.53416pt x 845.08372pt.
File: ../docs/latex/refman.pdf Graphic file (type pdf)
<use ../docs/latex/refman.pdf, page 6>
Package pdftex.def Info: ../docs/latex/refman.pdf , page6 used on input line 22
0.
(pdftex.def)             Requested size: 597.53416pt x 845.08372pt.
 [60 <../docs/latex/refman.pdf>]
<../docs/latex/refman.pdf, id=3420, page=7, 597.50829pt x 845.0471pt>
File: ../docs/latex/refman.pdf Graphic file (type pdf)
<use ../docs/latex/refman.pdf, page 7>
Package pdftex.def Info: ../docs/latex/refman.pdf , page7 used on input line 22
0.
(pdftex.def)             Requested size: 597.53416pt x 845.08372pt.
File: ../docs/latex/refman.pdf Graphic file (type pdf)
<use ../docs/latex/refman.pdf, page 7>
Package pdftex.def Info: ../docs/latex/refman.pdf , page7 used on input line 22
0.
(pdftex.def)             Requested size: 597.53416pt x 845.08372pt.
File: ../docs/latex/refman.pdf Graphic file (type pdf)
<use ../docs/latex/refman.pdf, page 7>
Package pdftex.def Info: ../docs/latex/refman.pdf , page7 used on input line 22
0.
(pdftex.def)             Requested size: 597.53416pt x 845.08372pt.
 [61 <../docs/latex/refman.pdf>]
<../docs/latex/refman.pdf, id=3425, page=8, 597.50829pt x 845.0471pt>
File: ../docs/latex/refman.pdf Graphic file (type pdf)
<use ../docs/latex/refman.pdf, page 8>
Package pdftex.def Info: ../docs/latex/refman.pdf , page8 used on input line 22
0.
(pdftex.def)             Requested size: 597.53416pt x 845.08372pt.
File: ../docs/latex/refman.pdf Graphic file (type pdf)
<use ../docs/latex/refman.pdf, page 8>
Package pdftex.def Info: ../docs/latex/refman.pdf , page8 used on input line 22
0.
(pdftex.def)             Requested size: 597.53416pt x 845.08372pt.
File: ../docs/latex/refman.pdf Graphic file (type pdf)
<use ../docs/latex/refman.pdf, page 8>
Package pdftex.def Info: ../docs/latex/refman.pdf , page8 used on input line 22
0.
(pdftex.def)             Requested size: 597.53416pt x 845.08372pt.
 [62 <../docs/latex/refman.pdf>]
<../docs/latex/refman.pdf, id=3430, page=9, 597.50829pt x 845.0471pt>
File: ../docs/latex/refman.pdf Graphic file (type pdf)
<use ../docs/latex/refman.pdf, page 9>
Package pdftex.def Info: ../docs/latex/refman.pdf , page9 used on input line 22
0.
(pdftex.def)             Requested size: 597.53416pt x 845.08372pt.
File: ../docs/latex/refman.pdf Graphic file (type pdf)
<use ../docs/latex/refman.pdf, page 9>
Package pdftex.def Info: ../docs/latex/refman.pdf , page9 used on input line 22
0.
(pdftex.def)             Requested size: 597.53416pt x 845.08372pt.
File: ../docs/latex/refman.pdf Graphic file (type pdf)
<use ../docs/latex/refman.pdf, page 9>
Package pdftex.def Info: ../docs/latex/refman.pdf , page9 used on input line 22
0.
(pdftex.def)             Requested size: 597.53416pt x 845.08372pt.
 [63 <../docs/latex/refman.pdf>]
<../docs/latex/refman.pdf, id=3440, page=10, 597.50829pt x 845.0471pt>
File: ../docs/latex/refman.pdf Graphic file (type pdf)
<use ../docs/latex/refman.pdf, page 10>
Package pdftex.def Info: ../docs/latex/refman.pdf , page10 used on input line 2
20.
(pdftex.def)             Requested size: 597.53416pt x 845.08372pt.
File: ../docs/latex/refman.pdf Graphic file (type pdf)
<use ../docs/latex/refman.pdf, page 10>
Package pdftex.def Info: ../docs/latex/refman.pdf , page10 used on input line 2
20.
(pdftex.def)             Requested size: 597.53416pt x 845.08372pt.
File: ../docs/latex/refman.pdf Graphic file (type pdf)
<use ../docs/latex/refman.pdf, page 10>
Package pdftex.def Info: ../docs/latex/refman.pdf , page10 used on input line 2
20.
(pdftex.def)             Requested size: 597.53416pt x 845.08372pt.
 [64 <../docs/latex/refman.pdf>]
<../docs/latex/refman.pdf, id=3445, page=11, 597.50829pt x 845.0471pt>
File: ../docs/latex/refman.pdf Graphic file (type pdf)
<use ../docs/latex/refman.pdf, page 11>
Package pdftex.def Info: ../docs/latex/refman.pdf , page11 used on input line 2
20.
(pdftex.def)             Requested size: 597.53416pt x 845.08372pt.
File: ../docs/latex/refman.pdf Graphic file (type pdf)
<use ../docs/latex/refman.pdf, page 11>
Package pdftex.def Info: ../docs/latex/refman.pdf , page11 used on input line 2
20.
(pdftex.def)             Requested size: 597.53416pt x 845.08372pt.
File: ../docs/latex/refman.pdf Graphic file (type pdf)
<use ../docs/latex/refman.pdf, page 11>
Package pdftex.def Info: ../docs/latex/refman.pdf , page11 used on input line 2
20.
(pdftex.def)             Requested size: 597.53416pt x 845.08372pt.
 [65 <../docs/latex/refman.pdf>]
<../docs/latex/refman.pdf, id=3451, page=12, 597.50829pt x 845.0471pt>
File: ../docs/latex/refman.pdf Graphic file (type pdf)
<use ../docs/latex/refman.pdf, page 12>
Package pdftex.def Info: ../docs/latex/refman.pdf , page12 used on input line 2
20.
(pdftex.def)             Requested size: 597.53416pt x 845.08372pt.
File: ../docs/latex/refman.pdf Graphic file (type pdf)
<use ../docs/latex/refman.pdf, page 12>
Package pdftex.def Info: ../docs/latex/refman.pdf , page12 used on input line 2
20.
(pdftex.def)             Requested size: 597.53416pt x 845.08372pt.
File: ../docs/latex/refman.pdf Graphic file (type pdf)
<use ../docs/latex/refman.pdf, page 12>
Package pdftex.def Info: ../docs/latex/refman.pdf , page12 used on input line 2
20.
(pdftex.def)             Requested size: 597.53416pt x 845.08372pt.
 [66 <../docs/latex/refman.pdf>]
<../docs/latex/refman.pdf, id=3456, page=13, 597.50829pt x 845.0471pt>
File: ../docs/latex/refman.pdf Graphic file (type pdf)
<use ../docs/latex/refman.pdf, page 13>
Package pdftex.def Info: ../docs/latex/refman.pdf , page13 used on input line 2
20.
(pdftex.def)             Requested size: 597.53416pt x 845.08372pt.
File: ../docs/latex/refman.pdf Graphic file (type pdf)
<use ../docs/latex/refman.pdf, page 13>
Package pdftex.def Info: ../docs/latex/refman.pdf , page13 used on input line 2
20.
(pdftex.def)             Requested size: 597.53416pt x 845.08372pt.
File: ../docs/latex/refman.pdf Graphic file (type pdf)
<use ../docs/latex/refman.pdf, page 13>
Package pdftex.def Info: ../docs/latex/refman.pdf , page13 used on input line 2
20.
(pdftex.def)             Requested size: 597.53416pt x 845.08372pt.

[67 <../docs/latex/refman.pdf>]
<../docs/latex/refman.pdf, id=3471, page=14, 597.50829pt x 845.0471pt>
File: ../docs/latex/refman.pdf Graphic file (type pdf)
<use ../docs/latex/refman.pdf, page 14>
Package pdftex.def Info: ../docs/latex/refman.pdf , page14 used on input line 2
20.
(pdftex.def)             Requested size: 597.53416pt x 845.08372pt.
File: ../docs/latex/refman.pdf Graphic file (type pdf)
<use ../docs/latex/refman.pdf, page 14>
Package pdftex.def Info: ../docs/latex/refman.pdf , page14 used on input line 2
20.
(pdftex.def)             Requested size: 597.53416pt x 845.08372pt.
File: ../docs/latex/refman.pdf Graphic file (type pdf)
<use ../docs/latex/refman.pdf, page 14>
Package pdftex.def Info: ../docs/latex/refman.pdf , page14 used on input line 2
20.
(pdftex.def)             Requested size: 597.53416pt x 845.08372pt.
 [68 <../docs/latex/refman.pdf>]
<../docs/latex/refman.pdf, id=3476, page=15, 597.50829pt x 845.0471pt>
File: ../docs/latex/refman.pdf Graphic file (type pdf)
<use ../docs/latex/refman.pdf, page 15>
Package pdftex.def Info: ../docs/latex/refman.pdf , page15 used on input line 2
20.
(pdftex.def)             Requested size: 597.53416pt x 845.08372pt.
File: ../docs/latex/refman.pdf Graphic file (type pdf)
<use ../docs/latex/refman.pdf, page 15>
Package pdftex.def Info: ../docs/latex/refman.pdf , page15 used on input line 2
20.
(pdftex.def)             Requested size: 597.53416pt x 845.08372pt.
File: ../docs/latex/refman.pdf Graphic file (type pdf)
<use ../docs/latex/refman.pdf, page 15>
Package pdftex.def Info: ../docs/latex/refman.pdf , page15 used on input line 2
20.
(pdftex.def)             Requested size: 597.53416pt x 845.08372pt.
 [69 <../docs/latex/refman.pdf>]
<../docs/latex/refman.pdf, id=3481, page=16, 597.50829pt x 845.0471pt>
File: ../docs/latex/refman.pdf Graphic file (type pdf)
<use ../docs/latex/refman.pdf, page 16>
Package pdftex.def Info: ../docs/latex/refman.pdf , page16 used on input line 2
20.
(pdftex.def)             Requested size: 597.53416pt x 845.08372pt.
File: ../docs/latex/refman.pdf Graphic file (type pdf)
<use ../docs/latex/refman.pdf, page 16>
Package pdftex.def Info: ../docs/latex/refman.pdf , page16 used on input line 2
20.
(pdftex.def)             Requested size: 597.53416pt x 845.08372pt.
File: ../docs/latex/refman.pdf Graphic file (type pdf)
<use ../docs/latex/refman.pdf, page 16>
Package pdftex.def Info: ../docs/latex/refman.pdf , page16 used on input line 2
20.
(pdftex.def)             Requested size: 597.53416pt x 845.08372pt.
 [70 <../docs/latex/refman.pdf>]
<../docs/latex/refman.pdf, id=3492, page=17, 597.50829pt x 845.0471pt>
File: ../docs/latex/refman.pdf Graphic file (type pdf)
<use ../docs/latex/refman.pdf, page 17>
Package pdftex.def Info: ../docs/latex/refman.pdf , page17 used on input line 2
20.
(pdftex.def)             Requested size: 597.53416pt x 845.08372pt.
File: ../docs/latex/refman.pdf Graphic file (type pdf)
<use ../docs/latex/refman.pdf, page 17>
Package pdftex.def Info: ../docs/latex/refman.pdf , page17 used on input line 2
20.
(pdftex.def)             Requested size: 597.53416pt x 845.08372pt.
File: ../docs/latex/refman.pdf Graphic file (type pdf)
<use ../docs/latex/refman.pdf, page 17>
Package pdftex.def Info: ../docs/latex/refman.pdf , page17 used on input line 2
20.
(pdftex.def)             Requested size: 597.53416pt x 845.08372pt.
 [71 <../docs/latex/refman.pdf>]
<../docs/latex/refman.pdf, id=3498, page=18, 597.50829pt x 845.0471pt>
File: ../docs/latex/refman.pdf Graphic file (type pdf)
<use ../docs/latex/refman.pdf, page 18>
Package pdftex.def Info: ../docs/latex/refman.pdf , page18 used on input line 2
20.
(pdftex.def)             Requested size: 597.53416pt x 845.08372pt.
File: ../docs/latex/refman.pdf Graphic file (type pdf)
<use ../docs/latex/refman.pdf, page 18>
Package pdftex.def Info: ../docs/latex/refman.pdf , page18 used on input line 2
20.
(pdftex.def)             Requested size: 597.53416pt x 845.08372pt.
File: ../docs/latex/refman.pdf Graphic file (type pdf)
<use ../docs/latex/refman.pdf, page 18>
Package pdftex.def Info: ../docs/latex/refman.pdf , page18 used on input line 2
20.
(pdftex.def)             Requested size: 597.53416pt x 845.08372pt.
 [72 <../docs/latex/refman.pdf>]
<../docs/latex/refman.pdf, id=3503, page=19, 597.50829pt x 845.0471pt>
File: ../docs/latex/refman.pdf Graphic file (type pdf)
<use ../docs/latex/refman.pdf, page 19>
Package pdftex.def Info: ../docs/latex/refman.pdf , page19 used on input line 2
20.
(pdftex.def)             Requested size: 597.53416pt x 845.08372pt.
File: ../docs/latex/refman.pdf Graphic file (type pdf)
<use ../docs/latex/refman.pdf, page 19>
Package pdftex.def Info: ../docs/latex/refman.pdf , page19 used on input line 2
20.
(pdftex.def)             Requested size: 597.53416pt x 845.08372pt.
File: ../docs/latex/refman.pdf Graphic file (type pdf)
<use ../docs/latex/refman.pdf, page 19>
Package pdftex.def Info: ../docs/latex/refman.pdf , page19 used on input line 2
20.
(pdftex.def)             Requested size: 597.53416pt x 845.08372pt.
 [73 <../docs/latex/refman.pdf>]
<../docs/latex/refman.pdf, id=3513, page=20, 597.50829pt x 845.0471pt>
File: ../docs/latex/refman.pdf Graphic file (type pdf)
<use ../docs/latex/refman.pdf, page 20>
Package pdftex.def Info: ../docs/latex/refman.pdf , page20 used on input line 2
20.
(pdftex.def)             Requested size: 597.53416pt x 845.08372pt.
File: ../docs/latex/refman.pdf Graphic file (type pdf)
<use ../docs/latex/refman.pdf, page 20>
Package pdftex.def Info: ../docs/latex/refman.pdf , page20 used on input line 2
20.
(pdftex.def)             Requested size: 597.53416pt x 845.08372pt.
File: ../docs/latex/refman.pdf Graphic file (type pdf)
<use ../docs/latex/refman.pdf, page 20>
Package pdftex.def Info: ../docs/latex/refman.pdf , page20 used on input line 2
20.
(pdftex.def)             Requested size: 597.53416pt x 845.08372pt.
 [74 <../docs/latex/refman.pdf>]
<../docs/latex/refman.pdf, id=3518, page=21, 597.50829pt x 845.0471pt>
File: ../docs/latex/refman.pdf Graphic file (type pdf)
<use ../docs/latex/refman.pdf, page 21>
Package pdftex.def Info: ../docs/latex/refman.pdf , page21 used on input line 2
20.
(pdftex.def)             Requested size: 597.53416pt x 845.08372pt.
File: ../docs/latex/refman.pdf Graphic file (type pdf)
<use ../docs/latex/refman.pdf, page 21>
Package pdftex.def Info: ../docs/latex/refman.pdf , page21 used on input line 2
20.
(pdftex.def)             Requested size: 597.53416pt x 845.08372pt.
File: ../docs/latex/refman.pdf Graphic file (type pdf)
<use ../docs/latex/refman.pdf, page 21>
Package pdftex.def Info: ../docs/latex/refman.pdf , page21 used on input line 2
20.
(pdftex.def)             Requested size: 597.53416pt x 845.08372pt.
 [75 <../docs/latex/refman.pdf>]
<../docs/latex/refman.pdf, id=3523, page=22, 597.50829pt x 845.0471pt>
File: ../docs/latex/refman.pdf Graphic file (type pdf)
<use ../docs/latex/refman.pdf, page 22>
Package pdftex.def Info: ../docs/latex/refman.pdf , page22 used on input line 2
20.
(pdftex.def)             Requested size: 597.53416pt x 845.08372pt.
File: ../docs/latex/refman.pdf Graphic file (type pdf)
<use ../docs/latex/refman.pdf, page 22>
Package pdftex.def Info: ../docs/latex/refman.pdf , page22 used on input line 2
20.
(pdftex.def)             Requested size: 597.53416pt x 845.08372pt.
File: ../docs/latex/refman.pdf Graphic file (type pdf)
<use ../docs/latex/refman.pdf, page 22>
Package pdftex.def Info: ../docs/latex/refman.pdf , page22 used on input line 2
20.
(pdftex.def)             Requested size: 597.53416pt x 845.08372pt.
 [76 <../docs/latex/refman.pdf>]
<../docs/latex/refman.pdf, id=3528, page=23, 597.50829pt x 845.0471pt>
File: ../docs/latex/refman.pdf Graphic file (type pdf)
<use ../docs/latex/refman.pdf, page 23>
Package pdftex.def Info: ../docs/latex/refman.pdf , page23 used on input line 2
20.
(pdftex.def)             Requested size: 597.53416pt x 845.08372pt.
File: ../docs/latex/refman.pdf Graphic file (type pdf)
<use ../docs/latex/refman.pdf, page 23>
Package pdftex.def Info: ../docs/latex/refman.pdf , page23 used on input line 2
20.
(pdftex.def)             Requested size: 597.53416pt x 845.08372pt.
File: ../docs/latex/refman.pdf Graphic file (type pdf)
<use ../docs/latex/refman.pdf, page 23>
Package pdftex.def Info: ../docs/latex/refman.pdf , page23 used on input line 2
20.
(pdftex.def)             Requested size: 597.53416pt x 845.08372pt.
 [77 <../docs/latex/refman.pdf>]
<../docs/latex/refman.pdf, id=3539, page=24, 597.50829pt x 845.0471pt>
File: ../docs/latex/refman.pdf Graphic file (type pdf)
<use ../docs/latex/refman.pdf, page 24>
Package pdftex.def Info: ../docs/latex/refman.pdf , page24 used on input line 2
20.
(pdftex.def)             Requested size: 597.53416pt x 845.08372pt.
File: ../docs/latex/refman.pdf Graphic file (type pdf)
<use ../docs/latex/refman.pdf, page 24>
Package pdftex.def Info: ../docs/latex/refman.pdf , page24 used on input line 2
20.
(pdftex.def)             Requested size: 597.53416pt x 845.08372pt.
File: ../docs/latex/refman.pdf Graphic file (type pdf)
<use ../docs/latex/refman.pdf, page 24>
Package pdftex.def Info: ../docs/latex/refman.pdf , page24 used on input line 2
20.
(pdftex.def)             Requested size: 597.53416pt x 845.08372pt.
 [78 <../docs/latex/refman.pdf>]
<../docs/latex/refman.pdf, id=3549, page=25, 597.50829pt x 845.0471pt>
File: ../docs/latex/refman.pdf Graphic file (type pdf)
<use ../docs/latex/refman.pdf, page 25>
Package pdftex.def Info: ../docs/latex/refman.pdf , page25 used on input line 2
20.
(pdftex.def)             Requested size: 597.53416pt x 845.08372pt.
File: ../docs/latex/refman.pdf Graphic file (type pdf)
<use ../docs/latex/refman.pdf, page 25>
Package pdftex.def Info: ../docs/latex/refman.pdf , page25 used on input line 2
20.
(pdftex.def)             Requested size: 597.53416pt x 845.08372pt.
File: ../docs/latex/refman.pdf Graphic file (type pdf)
<use ../docs/latex/refman.pdf, page 25>
Package pdftex.def Info: ../docs/latex/refman.pdf , page25 used on input line 2
20.
(pdftex.def)             Requested size: 597.53416pt x 845.08372pt.
 [79 <../docs/latex/refman.pdf>]
<../docs/latex/refman.pdf, id=3554, page=26, 597.50829pt x 845.0471pt>
File: ../docs/latex/refman.pdf Graphic file (type pdf)
<use ../docs/latex/refman.pdf, page 26>
Package pdftex.def Info: ../docs/latex/refman.pdf , page26 used on input line 2
20.
(pdftex.def)             Requested size: 597.53416pt x 845.08372pt.
File: ../docs/latex/refman.pdf Graphic file (type pdf)
<use ../docs/latex/refman.pdf, page 26>
Package pdftex.def Info: ../docs/latex/refman.pdf , page26 used on input line 2
20.
(pdftex.def)             Requested size: 597.53416pt x 845.08372pt.
File: ../docs/latex/refman.pdf Graphic file (type pdf)
<use ../docs/latex/refman.pdf, page 26>
Package pdftex.def Info: ../docs/latex/refman.pdf , page26 used on input line 2
20.
(pdftex.def)             Requested size: 597.53416pt x 845.08372pt.
 [80 <../docs/latex/refman.pdf>]
<../docs/latex/refman.pdf, id=3559, page=27, 597.50829pt x 845.0471pt>
File: ../docs/latex/refman.pdf Graphic file (type pdf)
<use ../docs/latex/refman.pdf, page 27>
Package pdftex.def Info: ../docs/latex/refman.pdf , page27 used on input line 2
20.
(pdftex.def)             Requested size: 597.53416pt x 845.08372pt.
File: ../docs/latex/refman.pdf Graphic file (type pdf)
<use ../docs/latex/refman.pdf, page 27>
Package pdftex.def Info: ../docs/latex/refman.pdf , page27 used on input line 2
20.
(pdftex.def)             Requested size: 597.53416pt x 845.08372pt.
File: ../docs/latex/refman.pdf Graphic file (type pdf)
<use ../docs/latex/refman.pdf, page 27>
Package pdftex.def Info: ../docs/latex/refman.pdf , page27 used on input line 2
20.
(pdftex.def)             Requested size: 597.53416pt x 845.08372pt.
 [81 <../docs/latex/refman.pdf>]
<../docs/latex/refman.pdf, id=3564, page=28, 597.50829pt x 845.0471pt>
File: ../docs/latex/refman.pdf Graphic file (type pdf)
<use ../docs/latex/refman.pdf, page 28>
Package pdftex.def Info: ../docs/latex/refman.pdf , page28 used on input line 2
20.
(pdftex.def)             Requested size: 597.53416pt x 845.08372pt.
File: ../docs/latex/refman.pdf Graphic file (type pdf)
<use ../docs/latex/refman.pdf, page 28>
Package pdftex.def Info: ../docs/latex/refman.pdf , page28 used on input line 2
20.
(pdftex.def)             Requested size: 597.53416pt x 845.08372pt.
File: ../docs/latex/refman.pdf Graphic file (type pdf)
<use ../docs/latex/refman.pdf, page 28>
Package pdftex.def Info: ../docs/latex/refman.pdf , page28 used on input line 2
20.
(pdftex.def)             Requested size: 597.53416pt x 845.08372pt.
 [82 <../docs/latex/refman.pdf>]
<../docs/latex/refman.pdf, id=3569, page=29, 597.50829pt x 845.0471pt>
File: ../docs/latex/refman.pdf Graphic file (type pdf)
<use ../docs/latex/refman.pdf, page 29>
Package pdftex.def Info: ../docs/latex/refman.pdf , page29 used on input line 2
20.
(pdftex.def)             Requested size: 597.53416pt x 845.08372pt.
File: ../docs/latex/refman.pdf Graphic file (type pdf)
<use ../docs/latex/refman.pdf, page 29>
Package pdftex.def Info: ../docs/latex/refman.pdf , page29 used on input line 2
20.
(pdftex.def)             Requested size: 597.53416pt x 845.08372pt.
File: ../docs/latex/refman.pdf Graphic file (type pdf)
<use ../docs/latex/refman.pdf, page 29>
Package pdftex.def Info: ../docs/latex/refman.pdf , page29 used on input line 2
20.
(pdftex.def)             Requested size: 597.53416pt x 845.08372pt.
 [83 <../docs/latex/refman.pdf>]
<../docs/latex/refman.pdf, id=3575, page=30, 597.50829pt x 845.0471pt>
File: ../docs/latex/refman.pdf Graphic file (type pdf)
<use ../docs/latex/refman.pdf, page 30>
Package pdftex.def Info: ../docs/latex/refman.pdf , page30 used on input line 2
20.
(pdftex.def)             Requested size: 597.53416pt x 845.08372pt.
File: ../docs/latex/refman.pdf Graphic file (type pdf)
<use ../docs/latex/refman.pdf, page 30>
Package pdftex.def Info: ../docs/latex/refman.pdf , page30 used on input line 2
20.
(pdftex.def)             Requested size: 597.53416pt x 845.08372pt.
File: ../docs/latex/refman.pdf Graphic file (type pdf)
<use ../docs/latex/refman.pdf, page 30>
Package pdftex.def Info: ../docs/latex/refman.pdf , page30 used on input line 2
20.
(pdftex.def)             Requested size: 597.53416pt x 845.08372pt.
 [84 <../docs/latex/refman.pdf>]
<../docs/latex/refman.pdf, id=3580, page=31, 597.50829pt x 845.0471pt>
File: ../docs/latex/refman.pdf Graphic file (type pdf)
<use ../docs/latex/refman.pdf, page 31>
Package pdftex.def Info: ../docs/latex/refman.pdf , page31 used on input line 2
20.
(pdftex.def)             Requested size: 597.53416pt x 845.08372pt.
File: ../docs/latex/refman.pdf Graphic file (type pdf)
<use ../docs/latex/refman.pdf, page 31>
Package pdftex.def Info: ../docs/latex/refman.pdf , page31 used on input line 2
20.
(pdftex.def)             Requested size: 597.53416pt x 845.08372pt.
File: ../docs/latex/refman.pdf Graphic file (type pdf)
<use ../docs/latex/refman.pdf, page 31>
Package pdftex.def Info: ../docs/latex/refman.pdf , page31 used on input line 2
20.
(pdftex.def)             Requested size: 597.53416pt x 845.08372pt.
 [85 <../docs/latex/refman.pdf>]
<../docs/latex/refman.pdf, id=3585, page=32, 597.50829pt x 845.0471pt>
File: ../docs/latex/refman.pdf Graphic file (type pdf)
<use ../docs/latex/refman.pdf, page 32>
Package pdftex.def Info: ../docs/latex/refman.pdf , page32 used on input line 2
20.
(pdftex.def)             Requested size: 597.53416pt x 845.08372pt.
File: ../docs/latex/refman.pdf Graphic file (type pdf)
<use ../docs/latex/refman.pdf, page 32>
Package pdftex.def Info: ../docs/latex/refman.pdf , page32 used on input line 2
20.
(pdftex.def)             Requested size: 597.53416pt x 845.08372pt.
File: ../docs/latex/refman.pdf Graphic file (type pdf)
<use ../docs/latex/refman.pdf, page 32>
Package pdftex.def Info: ../docs/latex/refman.pdf , page32 used on input line 2
20.
(pdftex.def)             Requested size: 597.53416pt x 845.08372pt.
 [86 <../docs/latex/refman.pdf>]
<../docs/latex/refman.pdf, id=3590, page=33, 597.50829pt x 845.0471pt>
File: ../docs/latex/refman.pdf Graphic file (type pdf)
<use ../docs/latex/refman.pdf, page 33>
Package pdftex.def Info: ../docs/latex/refman.pdf , page33 used on input line 2
20.
(pdftex.def)             Requested size: 597.53416pt x 845.08372pt.
File: ../docs/latex/refman.pdf Graphic file (type pdf)
<use ../docs/latex/refman.pdf, page 33>
Package pdftex.def Info: ../docs/latex/refman.pdf , page33 used on input line 2
20.
(pdftex.def)             Requested size: 597.53416pt x 845.08372pt.
File: ../docs/latex/refman.pdf Graphic file (type pdf)
<use ../docs/latex/refman.pdf, page 33>
Package pdftex.def Info: ../docs/latex/refman.pdf , page33 used on input line 2
20.
(pdftex.def)             Requested size: 597.53416pt x 845.08372pt.
 [87 <../docs/latex/refman.pdf>]
<../docs/latex/refman.pdf, id=3595, page=34, 597.50829pt x 845.0471pt>
File: ../docs/latex/refman.pdf Graphic file (type pdf)
<use ../docs/latex/refman.pdf, page 34>
Package pdftex.def Info: ../docs/latex/refman.pdf , page34 used on input line 2
20.
(pdftex.def)             Requested size: 597.53416pt x 845.08372pt.
File: ../docs/latex/refman.pdf Graphic file (type pdf)
<use ../docs/latex/refman.pdf, page 34>
Package pdftex.def Info: ../docs/latex/refman.pdf , page34 used on input line 2
20.
(pdftex.def)             Requested size: 597.53416pt x 845.08372pt.
File: ../docs/latex/refman.pdf Graphic file (type pdf)
<use ../docs/latex/refman.pdf, page 34>
Package pdftex.def Info: ../docs/latex/refman.pdf , page34 used on input line 2
20.
(pdftex.def)             Requested size: 597.53416pt x 845.08372pt.
 [88 <../docs/latex/refman.pdf>]
<../docs/latex/refman.pdf, id=3600, page=35, 597.50829pt x 845.0471pt>
File: ../docs/latex/refman.pdf Graphic file (type pdf)
<use ../docs/latex/refman.pdf, page 35>
Package pdftex.def Info: ../docs/latex/refman.pdf , page35 used on input line 2
20.
(pdftex.def)             Requested size: 597.53416pt x 845.08372pt.
File: ../docs/latex/refman.pdf Graphic file (type pdf)
<use ../docs/latex/refman.pdf, page 35>
Package pdftex.def Info: ../docs/latex/refman.pdf , page35 used on input line 2
20.
(pdftex.def)             Requested size: 597.53416pt x 845.08372pt.
File: ../docs/latex/refman.pdf Graphic file (type pdf)
<use ../docs/latex/refman.pdf, page 35>
Package pdftex.def Info: ../docs/latex/refman.pdf , page35 used on input line 2
20.
(pdftex.def)             Requested size: 597.53416pt x 845.08372pt.

[89 <../docs/latex/refman.pdf>]
<../docs/latex/refman.pdf, id=3606, page=36, 597.50829pt x 845.0471pt>
File: ../docs/latex/refman.pdf Graphic file (type pdf)
<use ../docs/latex/refman.pdf, page 36>
Package pdftex.def Info: ../docs/latex/refman.pdf , page36 used on input line 2
20.
(pdftex.def)             Requested size: 597.53416pt x 845.08372pt.
File: ../docs/latex/refman.pdf Graphic file (type pdf)
<use ../docs/latex/refman.pdf, page 36>
Package pdftex.def Info: ../docs/latex/refman.pdf , page36 used on input line 2
20.
(pdftex.def)             Requested size: 597.53416pt x 845.08372pt.
File: ../docs/latex/refman.pdf Graphic file (type pdf)
<use ../docs/latex/refman.pdf, page 36>
Package pdftex.def Info: ../docs/latex/refman.pdf , page36 used on input line 2
20.
(pdftex.def)             Requested size: 597.53416pt x 845.08372pt.
 [90 <../docs/latex/refman.pdf>]
<../docs/latex/refman.pdf, id=3611, page=37, 597.50829pt x 845.0471pt>
File: ../docs/latex/refman.pdf Graphic file (type pdf)
<use ../docs/latex/refman.pdf, page 37>
Package pdftex.def Info: ../docs/latex/refman.pdf , page37 used on input line 2
20.
(pdftex.def)             Requested size: 597.53416pt x 845.08372pt.
File: ../docs/latex/refman.pdf Graphic file (type pdf)
<use ../docs/latex/refman.pdf, page 37>
Package pdftex.def Info: ../docs/latex/refman.pdf , page37 used on input line 2
20.
(pdftex.def)             Requested size: 597.53416pt x 845.08372pt.
File: ../docs/latex/refman.pdf Graphic file (type pdf)
<use ../docs/latex/refman.pdf, page 37>
Package pdftex.def Info: ../docs/latex/refman.pdf , page37 used on input line 2
20.
(pdftex.def)             Requested size: 597.53416pt x 845.08372pt.
 [91 <../docs/latex/refman.pdf>]
<../docs/latex/refman.pdf, id=3616, page=38, 597.50829pt x 845.0471pt>
File: ../docs/latex/refman.pdf Graphic file (type pdf)
<use ../docs/latex/refman.pdf, page 38>
Package pdftex.def Info: ../docs/latex/refman.pdf , page38 used on input line 2
20.
(pdftex.def)             Requested size: 597.53416pt x 845.08372pt.
File: ../docs/latex/refman.pdf Graphic file (type pdf)
<use ../docs/latex/refman.pdf, page 38>
Package pdftex.def Info: ../docs/latex/refman.pdf , page38 used on input line 2
20.
(pdftex.def)             Requested size: 597.53416pt x 845.08372pt.
File: ../docs/latex/refman.pdf Graphic file (type pdf)
<use ../docs/latex/refman.pdf, page 38>
Package pdftex.def Info: ../docs/latex/refman.pdf , page38 used on input line 2
20.
(pdftex.def)             Requested size: 597.53416pt x 845.08372pt.
 [92 <../docs/latex/refman.pdf>]
<../docs/latex/refman.pdf, id=3621, page=39, 597.50829pt x 845.0471pt>
File: ../docs/latex/refman.pdf Graphic file (type pdf)
<use ../docs/latex/refman.pdf, page 39>
Package pdftex.def Info: ../docs/latex/refman.pdf , page39 used on input line 2
20.
(pdftex.def)             Requested size: 597.53416pt x 845.08372pt.
File: ../docs/latex/refman.pdf Graphic file (type pdf)
<use ../docs/latex/refman.pdf, page 39>
Package pdftex.def Info: ../docs/latex/refman.pdf , page39 used on input line 2
20.
(pdftex.def)             Requested size: 597.53416pt x 845.08372pt.
File: ../docs/latex/refman.pdf Graphic file (type pdf)
<use ../docs/latex/refman.pdf, page 39>
Package pdftex.def Info: ../docs/latex/refman.pdf , page39 used on input line 2
20.
(pdftex.def)             Requested size: 597.53416pt x 845.08372pt.
 [93 <../docs/latex/refman.pdf>]
<../docs/latex/refman.pdf, id=3626, page=40, 597.50829pt x 845.0471pt>
File: ../docs/latex/refman.pdf Graphic file (type pdf)
<use ../docs/latex/refman.pdf, page 40>
Package pdftex.def Info: ../docs/latex/refman.pdf , page40 used on input line 2
20.
(pdftex.def)             Requested size: 597.53416pt x 845.08372pt.
File: ../docs/latex/refman.pdf Graphic file (type pdf)
<use ../docs/latex/refman.pdf, page 40>
Package pdftex.def Info: ../docs/latex/refman.pdf , page40 used on input line 2
20.
(pdftex.def)             Requested size: 597.53416pt x 845.08372pt.
File: ../docs/latex/refman.pdf Graphic file (type pdf)
<use ../docs/latex/refman.pdf, page 40>
Package pdftex.def Info: ../docs/latex/refman.pdf , page40 used on input line 2
20.
(pdftex.def)             Requested size: 597.53416pt x 845.08372pt.
 [94 <../docs/latex/refman.pdf>]
<../docs/latex/refman.pdf, id=3631, page=41, 597.50829pt x 845.0471pt>
File: ../docs/latex/refman.pdf Graphic file (type pdf)
<use ../docs/latex/refman.pdf, page 41>
Package pdftex.def Info: ../docs/latex/refman.pdf , page41 used on input line 2
20.
(pdftex.def)             Requested size: 597.53416pt x 845.08372pt.
File: ../docs/latex/refman.pdf Graphic file (type pdf)
<use ../docs/latex/refman.pdf, page 41>
Package pdftex.def Info: ../docs/latex/refman.pdf , page41 used on input line 2
20.
(pdftex.def)             Requested size: 597.53416pt x 845.08372pt.
File: ../docs/latex/refman.pdf Graphic file (type pdf)
<use ../docs/latex/refman.pdf, page 41>
Package pdftex.def Info: ../docs/latex/refman.pdf , page41 used on input line 2
20.
(pdftex.def)             Requested size: 597.53416pt x 845.08372pt.
 [95 <../docs/latex/refman.pdf>]
<../docs/latex/refman.pdf, id=3637, page=42, 597.50829pt x 845.0471pt>
File: ../docs/latex/refman.pdf Graphic file (type pdf)
<use ../docs/latex/refman.pdf, page 42>
Package pdftex.def Info: ../docs/latex/refman.pdf , page42 used on input line 2
20.
(pdftex.def)             Requested size: 597.53416pt x 845.08372pt.
File: ../docs/latex/refman.pdf Graphic file (type pdf)
<use ../docs/latex/refman.pdf, page 42>
Package pdftex.def Info: ../docs/latex/refman.pdf , page42 used on input line 2
20.
(pdftex.def)             Requested size: 597.53416pt x 845.08372pt.
File: ../docs/latex/refman.pdf Graphic file (type pdf)
<use ../docs/latex/refman.pdf, page 42>
Package pdftex.def Info: ../docs/latex/refman.pdf , page42 used on input line 2
20.
(pdftex.def)             Requested size: 597.53416pt x 845.08372pt.
 [96 <../docs/latex/refman.pdf>]
<../docs/latex/refman.pdf, id=3642, page=43, 597.50829pt x 845.0471pt>
File: ../docs/latex/refman.pdf Graphic file (type pdf)
<use ../docs/latex/refman.pdf, page 43>
Package pdftex.def Info: ../docs/latex/refman.pdf , page43 used on input line 2
20.
(pdftex.def)             Requested size: 597.53416pt x 845.08372pt.
File: ../docs/latex/refman.pdf Graphic file (type pdf)
<use ../docs/latex/refman.pdf, page 43>
Package pdftex.def Info: ../docs/latex/refman.pdf , page43 used on input line 2
20.
(pdftex.def)             Requested size: 597.53416pt x 845.08372pt.
File: ../docs/latex/refman.pdf Graphic file (type pdf)
<use ../docs/latex/refman.pdf, page 43>
Package pdftex.def Info: ../docs/latex/refman.pdf , page43 used on input line 2
20.
(pdftex.def)             Requested size: 597.53416pt x 845.08372pt.
 [97 <../docs/latex/refman.pdf>]
<../docs/latex/refman.pdf, id=3647, page=44, 597.50829pt x 845.0471pt>
File: ../docs/latex/refman.pdf Graphic file (type pdf)
<use ../docs/latex/refman.pdf, page 44>
Package pdftex.def Info: ../docs/latex/refman.pdf , page44 used on input line 2
20.
(pdftex.def)             Requested size: 597.53416pt x 845.08372pt.
File: ../docs/latex/refman.pdf Graphic file (type pdf)
<use ../docs/latex/refman.pdf, page 44>
Package pdftex.def Info: ../docs/latex/refman.pdf , page44 used on input line 2
20.
(pdftex.def)             Requested size: 597.53416pt x 845.08372pt.
File: ../docs/latex/refman.pdf Graphic file (type pdf)
<use ../docs/latex/refman.pdf, page 44>
Package pdftex.def Info: ../docs/latex/refman.pdf , page44 used on input line 2
20.
(pdftex.def)             Requested size: 597.53416pt x 845.08372pt.
 [98 <../docs/latex/refman.pdf>]
<../docs/latex/refman.pdf, id=3658, page=45, 597.50829pt x 845.0471pt>
File: ../docs/latex/refman.pdf Graphic file (type pdf)
<use ../docs/latex/refman.pdf, page 45>
Package pdftex.def Info: ../docs/latex/refman.pdf , page45 used on input line 2
20.
(pdftex.def)             Requested size: 597.53416pt x 845.08372pt.
File: ../docs/latex/refman.pdf Graphic file (type pdf)
<use ../docs/latex/refman.pdf, page 45>
Package pdftex.def Info: ../docs/latex/refman.pdf , page45 used on input line 2
20.
(pdftex.def)             Requested size: 597.53416pt x 845.08372pt.
File: ../docs/latex/refman.pdf Graphic file (type pdf)
<use ../docs/latex/refman.pdf, page 45>
Package pdftex.def Info: ../docs/latex/refman.pdf , page45 used on input line 2
20.
(pdftex.def)             Requested size: 597.53416pt x 845.08372pt.
 [99 <../docs/latex/refman.pdf>]
<../docs/latex/refman.pdf, id=3663, page=46, 597.50829pt x 845.0471pt>
File: ../docs/latex/refman.pdf Graphic file (type pdf)
<use ../docs/latex/refman.pdf, page 46>
Package pdftex.def Info: ../docs/latex/refman.pdf , page46 used on input line 2
20.
(pdftex.def)             Requested size: 597.53416pt x 845.08372pt.
File: ../docs/latex/refman.pdf Graphic file (type pdf)
<use ../docs/latex/refman.pdf, page 46>
Package pdftex.def Info: ../docs/latex/refman.pdf , page46 used on input line 2
20.
(pdftex.def)             Requested size: 597.53416pt x 845.08372pt.
File: ../docs/latex/refman.pdf Graphic file (type pdf)
<use ../docs/latex/refman.pdf, page 46>
Package pdftex.def Info: ../docs/latex/refman.pdf , page46 used on input line 2
20.
(pdftex.def)             Requested size: 597.53416pt x 845.08372pt.
 [100 <../docs/latex/refman.pdf>]
<../docs/latex/refman.pdf, id=3668, page=47, 597.50829pt x 845.0471pt>
File: ../docs/latex/refman.pdf Graphic file (type pdf)
<use ../docs/latex/refman.pdf, page 47>
Package pdftex.def Info: ../docs/latex/refman.pdf , page47 used on input line 2
20.
(pdftex.def)             Requested size: 597.53416pt x 845.08372pt.
File: ../docs/latex/refman.pdf Graphic file (type pdf)
<use ../docs/latex/refman.pdf, page 47>
Package pdftex.def Info: ../docs/latex/refman.pdf , page47 used on input line 2
20.
(pdftex.def)             Requested size: 597.53416pt x 845.08372pt.
File: ../docs/latex/refman.pdf Graphic file (type pdf)
<use ../docs/latex/refman.pdf, page 47>
Package pdftex.def Info: ../docs/latex/refman.pdf , page47 used on input line 2
20.
(pdftex.def)             Requested size: 597.53416pt x 845.08372pt.
 [101 <../docs/latex/refman.pdf>]
<../docs/latex/refman.pdf, id=3674, page=48, 597.50829pt x 845.0471pt>
File: ../docs/latex/refman.pdf Graphic file (type pdf)
<use ../docs/latex/refman.pdf, page 48>
Package pdftex.def Info: ../docs/latex/refman.pdf , page48 used on input line 2
20.
(pdftex.def)             Requested size: 597.53416pt x 845.08372pt.
File: ../docs/latex/refman.pdf Graphic file (type pdf)
<use ../docs/latex/refman.pdf, page 48>
Package pdftex.def Info: ../docs/latex/refman.pdf , page48 used on input line 2
20.
(pdftex.def)             Requested size: 597.53416pt x 845.08372pt.
File: ../docs/latex/refman.pdf Graphic file (type pdf)
<use ../docs/latex/refman.pdf, page 48>
Package pdftex.def Info: ../docs/latex/refman.pdf , page48 used on input line 2
20.
(pdftex.def)             Requested size: 597.53416pt x 845.08372pt.
 [102 <../docs/latex/refman.pdf>]
<../docs/latex/refman.pdf, id=3679, page=49, 597.50829pt x 845.0471pt>
File: ../docs/latex/refman.pdf Graphic file (type pdf)
<use ../docs/latex/refman.pdf, page 49>
Package pdftex.def Info: ../docs/latex/refman.pdf , page49 used on input line 2
20.
(pdftex.def)             Requested size: 597.53416pt x 845.08372pt.
File: ../docs/latex/refman.pdf Graphic file (type pdf)
<use ../docs/latex/refman.pdf, page 49>
Package pdftex.def Info: ../docs/latex/refman.pdf , page49 used on input line 2
20.
(pdftex.def)             Requested size: 597.53416pt x 845.08372pt.
File: ../docs/latex/refman.pdf Graphic file (type pdf)
<use ../docs/latex/refman.pdf, page 49>
Package pdftex.def Info: ../docs/latex/refman.pdf , page49 used on input line 2
20.
(pdftex.def)             Requested size: 597.53416pt x 845.08372pt.
 [103 <../docs/latex/refman.pdf>]
<../docs/latex/refman.pdf, id=3684, page=50, 597.50829pt x 845.0471pt>
File: ../docs/latex/refman.pdf Graphic file (type pdf)
<use ../docs/latex/refman.pdf, page 50>
Package pdftex.def Info: ../docs/latex/refman.pdf , page50 used on input line 2
20.
(pdftex.def)             Requested size: 597.53416pt x 845.08372pt.
File: ../docs/latex/refman.pdf Graphic file (type pdf)
<use ../docs/latex/refman.pdf, page 50>
Package pdftex.def Info: ../docs/latex/refman.pdf , page50 used on input line 2
20.
(pdftex.def)             Requested size: 597.53416pt x 845.08372pt.
File: ../docs/latex/refman.pdf Graphic file (type pdf)
<use ../docs/latex/refman.pdf, page 50>
Package pdftex.def Info: ../docs/latex/refman.pdf , page50 used on input line 2
20.
(pdftex.def)             Requested size: 597.53416pt x 845.08372pt.
 [104 <../docs/latex/refman.pdf>]
<../docs/latex/refman.pdf, id=3689, page=51, 597.50829pt x 845.0471pt>
File: ../docs/latex/refman.pdf Graphic file (type pdf)
<use ../docs/latex/refman.pdf, page 51>
Package pdftex.def Info: ../docs/latex/refman.pdf , page51 used on input line 2
20.
(pdftex.def)             Requested size: 597.53416pt x 845.08372pt.
File: ../docs/latex/refman.pdf Graphic file (type pdf)
<use ../docs/latex/refman.pdf, page 51>
Package pdftex.def Info: ../docs/latex/refman.pdf , page51 used on input line 2
20.
(pdftex.def)             Requested size: 597.53416pt x 845.08372pt.
File: ../docs/latex/refman.pdf Graphic file (type pdf)
<use ../docs/latex/refman.pdf, page 51>
Package pdftex.def Info: ../docs/latex/refman.pdf , page51 used on input line 2
20.
(pdftex.def)             Requested size: 597.53416pt x 845.08372pt.
 [105 <../docs/latex/refman.pdf>]
<../docs/latex/refman.pdf, id=3694, page=52, 597.50829pt x 845.0471pt>
File: ../docs/latex/refman.pdf Graphic file (type pdf)
<use ../docs/latex/refman.pdf, page 52>
Package pdftex.def Info: ../docs/latex/refman.pdf , page52 used on input line 2
20.
(pdftex.def)             Requested size: 597.53416pt x 845.08372pt.
File: ../docs/latex/refman.pdf Graphic file (type pdf)
<use ../docs/latex/refman.pdf, page 52>
Package pdftex.def Info: ../docs/latex/refman.pdf , page52 used on input line 2
20.
(pdftex.def)             Requested size: 597.53416pt x 845.08372pt.
File: ../docs/latex/refman.pdf Graphic file (type pdf)
<use ../docs/latex/refman.pdf, page 52>
Package pdftex.def Info: ../docs/latex/refman.pdf , page52 used on input line 2
20.
(pdftex.def)             Requested size: 597.53416pt x 845.08372pt.

[106 <../docs/latex/refman.pdf>]
<../docs/latex/refman.pdf, id=3699, page=53, 597.50829pt x 845.0471pt>
File: ../docs/latex/refman.pdf Graphic file (type pdf)
<use ../docs/latex/refman.pdf, page 53>
Package pdftex.def Info: ../docs/latex/refman.pdf , page53 used on input line 2
20.
(pdftex.def)             Requested size: 597.53416pt x 845.08372pt.
File: ../docs/latex/refman.pdf Graphic file (type pdf)
<use ../docs/latex/refman.pdf, page 53>
Package pdftex.def Info: ../docs/latex/refman.pdf , page53 used on input line 2
20.
(pdftex.def)             Requested size: 597.53416pt x 845.08372pt.
File: ../docs/latex/refman.pdf Graphic file (type pdf)
<use ../docs/latex/refman.pdf, page 53>
Package pdftex.def Info: ../docs/latex/refman.pdf , page53 used on input line 2
20.
(pdftex.def)             Requested size: 597.53416pt x 845.08372pt.
 [107 <../docs/latex/refman.pdf>]
<../docs/latex/refman.pdf, id=3715, page=54, 597.50829pt x 845.0471pt>
File: ../docs/latex/refman.pdf Graphic file (type pdf)
<use ../docs/latex/refman.pdf, page 54>
Package pdftex.def Info: ../docs/latex/refman.pdf , page54 used on input line 2
20.
(pdftex.def)             Requested size: 597.53416pt x 845.08372pt.
File: ../docs/latex/refman.pdf Graphic file (type pdf)
<use ../docs/latex/refman.pdf, page 54>
Package pdftex.def Info: ../docs/latex/refman.pdf , page54 used on input line 2
20.
(pdftex.def)             Requested size: 597.53416pt x 845.08372pt.
File: ../docs/latex/refman.pdf Graphic file (type pdf)
<use ../docs/latex/refman.pdf, page 54>
Package pdftex.def Info: ../docs/latex/refman.pdf , page54 used on input line 2
20.
(pdftex.def)             Requested size: 597.53416pt x 845.08372pt.
 [108 <../docs/latex/refman.pdf>]
<../docs/latex/refman.pdf, id=3720, page=55, 597.50829pt x 845.0471pt>
File: ../docs/latex/refman.pdf Graphic file (type pdf)
<use ../docs/latex/refman.pdf, page 55>
Package pdftex.def Info: ../docs/latex/refman.pdf , page55 used on input line 2
20.
(pdftex.def)             Requested size: 597.53416pt x 845.08372pt.
File: ../docs/latex/refman.pdf Graphic file (type pdf)
<use ../docs/latex/refman.pdf, page 55>
Package pdftex.def Info: ../docs/latex/refman.pdf , page55 used on input line 2
20.
(pdftex.def)             Requested size: 597.53416pt x 845.08372pt.
File: ../docs/latex/refman.pdf Graphic file (type pdf)
<use ../docs/latex/refman.pdf, page 55>
Package pdftex.def Info: ../docs/latex/refman.pdf , page55 used on input line 2
20.
(pdftex.def)             Requested size: 597.53416pt x 845.08372pt.
 [109 <../docs/latex/refman.pdf>]
<../docs/latex/refman.pdf, id=3725, page=56, 597.50829pt x 845.0471pt>
File: ../docs/latex/refman.pdf Graphic file (type pdf)
<use ../docs/latex/refman.pdf, page 56>
Package pdftex.def Info: ../docs/latex/refman.pdf , page56 used on input line 2
20.
(pdftex.def)             Requested size: 597.53416pt x 845.08372pt.
File: ../docs/latex/refman.pdf Graphic file (type pdf)
<use ../docs/latex/refman.pdf, page 56>
Package pdftex.def Info: ../docs/latex/refman.pdf , page56 used on input line 2
20.
(pdftex.def)             Requested size: 597.53416pt x 845.08372pt.
File: ../docs/latex/refman.pdf Graphic file (type pdf)
<use ../docs/latex/refman.pdf, page 56>
Package pdftex.def Info: ../docs/latex/refman.pdf , page56 used on input line 2
20.
(pdftex.def)             Requested size: 597.53416pt x 845.08372pt.
 [110 <../docs/latex/refman.pdf>]
<../docs/latex/refman.pdf, id=3730, page=57, 597.50829pt x 845.0471pt>
File: ../docs/latex/refman.pdf Graphic file (type pdf)
<use ../docs/latex/refman.pdf, page 57>
Package pdftex.def Info: ../docs/latex/refman.pdf , page57 used on input line 2
20.
(pdftex.def)             Requested size: 597.53416pt x 845.08372pt.
File: ../docs/latex/refman.pdf Graphic file (type pdf)
<use ../docs/latex/refman.pdf, page 57>
Package pdftex.def Info: ../docs/latex/refman.pdf , page57 used on input line 2
20.
(pdftex.def)             Requested size: 597.53416pt x 845.08372pt.
File: ../docs/latex/refman.pdf Graphic file (type pdf)
<use ../docs/latex/refman.pdf, page 57>
Package pdftex.def Info: ../docs/latex/refman.pdf , page57 used on input line 2
20.
(pdftex.def)             Requested size: 597.53416pt x 845.08372pt.
 [111 <../docs/latex/refman.pdf>]
<../docs/latex/refman.pdf, id=3735, page=58, 597.50829pt x 845.0471pt>
File: ../docs/latex/refman.pdf Graphic file (type pdf)
<use ../docs/latex/refman.pdf, page 58>
Package pdftex.def Info: ../docs/latex/refman.pdf , page58 used on input line 2
20.
(pdftex.def)             Requested size: 597.53416pt x 845.08372pt.
File: ../docs/latex/refman.pdf Graphic file (type pdf)
<use ../docs/latex/refman.pdf, page 58>
Package pdftex.def Info: ../docs/latex/refman.pdf , page58 used on input line 2
20.
(pdftex.def)             Requested size: 597.53416pt x 845.08372pt.
File: ../docs/latex/refman.pdf Graphic file (type pdf)
<use ../docs/latex/refman.pdf, page 58>
Package pdftex.def Info: ../docs/latex/refman.pdf , page58 used on input line 2
20.
(pdftex.def)             Requested size: 597.53416pt x 845.08372pt.
 [112 <../docs/latex/refman.pdf>]
<../docs/latex/refman.pdf, id=3740, page=59, 597.50829pt x 845.0471pt>
File: ../docs/latex/refman.pdf Graphic file (type pdf)
<use ../docs/latex/refman.pdf, page 59>
Package pdftex.def Info: ../docs/latex/refman.pdf , page59 used on input line 2
20.
(pdftex.def)             Requested size: 597.53416pt x 845.08372pt.
File: ../docs/latex/refman.pdf Graphic file (type pdf)
<use ../docs/latex/refman.pdf, page 59>
Package pdftex.def Info: ../docs/latex/refman.pdf , page59 used on input line 2
20.
(pdftex.def)             Requested size: 597.53416pt x 845.08372pt.
File: ../docs/latex/refman.pdf Graphic file (type pdf)
<use ../docs/latex/refman.pdf, page 59>
Package pdftex.def Info: ../docs/latex/refman.pdf , page59 used on input line 2
20.
(pdftex.def)             Requested size: 597.53416pt x 845.08372pt.

[113 <../docs/latex/refman.pdf>]
<../docs/latex/refman.pdf, id=3746, page=60, 597.50829pt x 845.0471pt>
File: ../docs/latex/refman.pdf Graphic file (type pdf)
<use ../docs/latex/refman.pdf, page 60>
Package pdftex.def Info: ../docs/latex/refman.pdf , page60 used on input line 2
20.
(pdftex.def)             Requested size: 597.53416pt x 845.08372pt.
File: ../docs/latex/refman.pdf Graphic file (type pdf)
<use ../docs/latex/refman.pdf, page 60>
Package pdftex.def Info: ../docs/latex/refman.pdf , page60 used on input line 2
20.
(pdftex.def)             Requested size: 597.53416pt x 845.08372pt.
File: ../docs/latex/refman.pdf Graphic file (type pdf)
<use ../docs/latex/refman.pdf, page 60>
Package pdftex.def Info: ../docs/latex/refman.pdf , page60 used on input line 2
20.
(pdftex.def)             Requested size: 597.53416pt x 845.08372pt.
 [114 <../docs/latex/refman.pdf>]
<../docs/latex/refman.pdf, id=3751, page=61, 597.50829pt x 845.0471pt>
File: ../docs/latex/refman.pdf Graphic file (type pdf)
<use ../docs/latex/refman.pdf, page 61>
Package pdftex.def Info: ../docs/latex/refman.pdf , page61 used on input line 2
20.
(pdftex.def)             Requested size: 597.53416pt x 845.08372pt.
File: ../docs/latex/refman.pdf Graphic file (type pdf)
<use ../docs/latex/refman.pdf, page 61>
Package pdftex.def Info: ../docs/latex/refman.pdf , page61 used on input line 2
20.
(pdftex.def)             Requested size: 597.53416pt x 845.08372pt.
File: ../docs/latex/refman.pdf Graphic file (type pdf)
<use ../docs/latex/refman.pdf, page 61>
Package pdftex.def Info: ../docs/latex/refman.pdf , page61 used on input line 2
20.
(pdftex.def)             Requested size: 597.53416pt x 845.08372pt.
 [115 <../docs/latex/refman.pdf>]
<../docs/latex/refman.pdf, id=3756, page=62, 597.50829pt x 845.0471pt>
File: ../docs/latex/refman.pdf Graphic file (type pdf)
<use ../docs/latex/refman.pdf, page 62>
Package pdftex.def Info: ../docs/latex/refman.pdf , page62 used on input line 2
20.
(pdftex.def)             Requested size: 597.53416pt x 845.08372pt.
File: ../docs/latex/refman.pdf Graphic file (type pdf)
<use ../docs/latex/refman.pdf, page 62>
Package pdftex.def Info: ../docs/latex/refman.pdf , page62 used on input line 2
20.
(pdftex.def)             Requested size: 597.53416pt x 845.08372pt.
File: ../docs/latex/refman.pdf Graphic file (type pdf)
<use ../docs/latex/refman.pdf, page 62>
Package pdftex.def Info: ../docs/latex/refman.pdf , page62 used on input line 2
20.
(pdftex.def)             Requested size: 597.53416pt x 845.08372pt.
 [116 <../docs/latex/refman.pdf>]
<../docs/latex/refman.pdf, id=3761, page=63, 597.50829pt x 845.0471pt>
File: ../docs/latex/refman.pdf Graphic file (type pdf)
<use ../docs/latex/refman.pdf, page 63>
Package pdftex.def Info: ../docs/latex/refman.pdf , page63 used on input line 2
20.
(pdftex.def)             Requested size: 597.53416pt x 845.08372pt.
File: ../docs/latex/refman.pdf Graphic file (type pdf)
<use ../docs/latex/refman.pdf, page 63>
Package pdftex.def Info: ../docs/latex/refman.pdf , page63 used on input line 2
20.
(pdftex.def)             Requested size: 597.53416pt x 845.08372pt.
File: ../docs/latex/refman.pdf Graphic file (type pdf)
<use ../docs/latex/refman.pdf, page 63>
Package pdftex.def Info: ../docs/latex/refman.pdf , page63 used on input line 2
20.
(pdftex.def)             Requested size: 597.53416pt x 845.08372pt.
 [117 <../docs/latex/refman.pdf>]
<../docs/latex/refman.pdf, id=3766, page=64, 597.50829pt x 845.0471pt>
File: ../docs/latex/refman.pdf Graphic file (type pdf)
<use ../docs/latex/refman.pdf, page 64>
Package pdftex.def Info: ../docs/latex/refman.pdf , page64 used on input line 2
20.
(pdftex.def)             Requested size: 597.53416pt x 845.08372pt.
File: ../docs/latex/refman.pdf Graphic file (type pdf)
<use ../docs/latex/refman.pdf, page 64>
Package pdftex.def Info: ../docs/latex/refman.pdf , page64 used on input line 2
20.
(pdftex.def)             Requested size: 597.53416pt x 845.08372pt.
File: ../docs/latex/refman.pdf Graphic file (type pdf)
<use ../docs/latex/refman.pdf, page 64>
Package pdftex.def Info: ../docs/latex/refman.pdf , page64 used on input line 2
20.
(pdftex.def)             Requested size: 597.53416pt x 845.08372pt.
 [118 <../docs/latex/refman.pdf>]
<../docs/latex/refman.pdf, id=3771, page=65, 597.50829pt x 845.0471pt>
File: ../docs/latex/refman.pdf Graphic file (type pdf)
<use ../docs/latex/refman.pdf, page 65>
Package pdftex.def Info: ../docs/latex/refman.pdf , page65 used on input line 2
20.
(pdftex.def)             Requested size: 597.53416pt x 845.08372pt.
File: ../docs/latex/refman.pdf Graphic file (type pdf)
<use ../docs/latex/refman.pdf, page 65>
Package pdftex.def Info: ../docs/latex/refman.pdf , page65 used on input line 2
20.
(pdftex.def)             Requested size: 597.53416pt x 845.08372pt.
File: ../docs/latex/refman.pdf Graphic file (type pdf)
<use ../docs/latex/refman.pdf, page 65>
Package pdftex.def Info: ../docs/latex/refman.pdf , page65 used on input line 2
20.
(pdftex.def)             Requested size: 597.53416pt x 845.08372pt.
 [119 <../docs/latex/refman.pdf>]
<../docs/latex/refman.pdf, id=3777, page=66, 597.50829pt x 845.0471pt>
File: ../docs/latex/refman.pdf Graphic file (type pdf)
<use ../docs/latex/refman.pdf, page 66>
Package pdftex.def Info: ../docs/latex/refman.pdf , page66 used on input line 2
20.
(pdftex.def)             Requested size: 597.53416pt x 845.08372pt.
File: ../docs/latex/refman.pdf Graphic file (type pdf)
<use ../docs/latex/refman.pdf, page 66>
Package pdftex.def Info: ../docs/latex/refman.pdf , page66 used on input line 2
20.
(pdftex.def)             Requested size: 597.53416pt x 845.08372pt.
File: ../docs/latex/refman.pdf Graphic file (type pdf)
<use ../docs/latex/refman.pdf, page 66>
Package pdftex.def Info: ../docs/latex/refman.pdf , page66 used on input line 2
20.
(pdftex.def)             Requested size: 597.53416pt x 845.08372pt.

[120 <../docs/latex/refman.pdf>]
<../docs/latex/refman.pdf, id=3782, page=67, 597.50829pt x 845.0471pt>
File: ../docs/latex/refman.pdf Graphic file (type pdf)
<use ../docs/latex/refman.pdf, page 67>
Package pdftex.def Info: ../docs/latex/refman.pdf , page67 used on input line 2
20.
(pdftex.def)             Requested size: 597.53416pt x 845.08372pt.
File: ../docs/latex/refman.pdf Graphic file (type pdf)
<use ../docs/latex/refman.pdf, page 67>
Package pdftex.def Info: ../docs/latex/refman.pdf , page67 used on input line 2
20.
(pdftex.def)             Requested size: 597.53416pt x 845.08372pt.
File: ../docs/latex/refman.pdf Graphic file (type pdf)
<use ../docs/latex/refman.pdf, page 67>
Package pdftex.def Info: ../docs/latex/refman.pdf , page67 used on input line 2
20.
(pdftex.def)             Requested size: 597.53416pt x 845.08372pt.
 [121 <../docs/latex/refman.pdf>]
<../docs/latex/refman.pdf, id=3787, page=68, 597.50829pt x 845.0471pt>
File: ../docs/latex/refman.pdf Graphic file (type pdf)
<use ../docs/latex/refman.pdf, page 68>
Package pdftex.def Info: ../docs/latex/refman.pdf , page68 used on input line 2
20.
(pdftex.def)             Requested size: 597.53416pt x 845.08372pt.
File: ../docs/latex/refman.pdf Graphic file (type pdf)
<use ../docs/latex/refman.pdf, page 68>
Package pdftex.def Info: ../docs/latex/refman.pdf , page68 used on input line 2
20.
(pdftex.def)             Requested size: 597.53416pt x 845.08372pt.
File: ../docs/latex/refman.pdf Graphic file (type pdf)
<use ../docs/latex/refman.pdf, page 68>
Package pdftex.def Info: ../docs/latex/refman.pdf , page68 used on input line 2
20.
(pdftex.def)             Requested size: 597.53416pt x 845.08372pt.
 [122 <../docs/latex/refman.pdf>]
<../docs/latex/refman.pdf, id=3792, page=69, 597.50829pt x 845.0471pt>
File: ../docs/latex/refman.pdf Graphic file (type pdf)
<use ../docs/latex/refman.pdf, page 69>
Package pdftex.def Info: ../docs/latex/refman.pdf , page69 used on input line 2
20.
(pdftex.def)             Requested size: 597.53416pt x 845.08372pt.
File: ../docs/latex/refman.pdf Graphic file (type pdf)
<use ../docs/latex/refman.pdf, page 69>
Package pdftex.def Info: ../docs/latex/refman.pdf , page69 used on input line 2
20.
(pdftex.def)             Requested size: 597.53416pt x 845.08372pt.
File: ../docs/latex/refman.pdf Graphic file (type pdf)
<use ../docs/latex/refman.pdf, page 69>
Package pdftex.def Info: ../docs/latex/refman.pdf , page69 used on input line 2
20.
(pdftex.def)             Requested size: 597.53416pt x 845.08372pt.
 [123 <../docs/latex/refman.pdf>]
<../docs/latex/refman.pdf, id=3797, page=70, 597.50829pt x 845.0471pt>
File: ../docs/latex/refman.pdf Graphic file (type pdf)
<use ../docs/latex/refman.pdf, page 70>
Package pdftex.def Info: ../docs/latex/refman.pdf , page70 used on input line 2
20.
(pdftex.def)             Requested size: 597.53416pt x 845.08372pt.
File: ../docs/latex/refman.pdf Graphic file (type pdf)
<use ../docs/latex/refman.pdf, page 70>
Package pdftex.def Info: ../docs/latex/refman.pdf , page70 used on input line 2
20.
(pdftex.def)             Requested size: 597.53416pt x 845.08372pt.
File: ../docs/latex/refman.pdf Graphic file (type pdf)
<use ../docs/latex/refman.pdf, page 70>
Package pdftex.def Info: ../docs/latex/refman.pdf , page70 used on input line 2
20.
(pdftex.def)             Requested size: 597.53416pt x 845.08372pt.
 [124 <../docs/latex/refman.pdf>]
<../docs/latex/refman.pdf, id=3802, page=71, 597.50829pt x 845.0471pt>
File: ../docs/latex/refman.pdf Graphic file (type pdf)
<use ../docs/latex/refman.pdf, page 71>
Package pdftex.def Info: ../docs/latex/refman.pdf , page71 used on input line 2
20.
(pdftex.def)             Requested size: 597.53416pt x 845.08372pt.
File: ../docs/latex/refman.pdf Graphic file (type pdf)
<use ../docs/latex/refman.pdf, page 71>
Package pdftex.def Info: ../docs/latex/refman.pdf , page71 used on input line 2
20.
(pdftex.def)             Requested size: 597.53416pt x 845.08372pt.
File: ../docs/latex/refman.pdf Graphic file (type pdf)
<use ../docs/latex/refman.pdf, page 71>
Package pdftex.def Info: ../docs/latex/refman.pdf , page71 used on input line 2
20.
(pdftex.def)             Requested size: 597.53416pt x 845.08372pt.
 [125 <../docs/latex/refman.pdf>]
<../docs/latex/refman.pdf, id=3808, page=72, 597.50829pt x 845.0471pt>
File: ../docs/latex/refman.pdf Graphic file (type pdf)
<use ../docs/latex/refman.pdf, page 72>
Package pdftex.def Info: ../docs/latex/refman.pdf , page72 used on input line 2
20.
(pdftex.def)             Requested size: 597.53416pt x 845.08372pt.
File: ../docs/latex/refman.pdf Graphic file (type pdf)
<use ../docs/latex/refman.pdf, page 72>
Package pdftex.def Info: ../docs/latex/refman.pdf , page72 used on input line 2
20.
(pdftex.def)             Requested size: 597.53416pt x 845.08372pt.
File: ../docs/latex/refman.pdf Graphic file (type pdf)
<use ../docs/latex/refman.pdf, page 72>
Package pdftex.def Info: ../docs/latex/refman.pdf , page72 used on input line 2
20.
(pdftex.def)             Requested size: 597.53416pt x 845.08372pt.
 [126 <../docs/latex/refman.pdf>]
<../docs/latex/refman.pdf, id=3813, page=73, 597.50829pt x 845.0471pt>
File: ../docs/latex/refman.pdf Graphic file (type pdf)
<use ../docs/latex/refman.pdf, page 73>
Package pdftex.def Info: ../docs/latex/refman.pdf , page73 used on input line 2
20.
(pdftex.def)             Requested size: 597.53416pt x 845.08372pt.
File: ../docs/latex/refman.pdf Graphic file (type pdf)
<use ../docs/latex/refman.pdf, page 73>
Package pdftex.def Info: ../docs/latex/refman.pdf , page73 used on input line 2
20.
(pdftex.def)             Requested size: 597.53416pt x 845.08372pt.
File: ../docs/latex/refman.pdf Graphic file (type pdf)
<use ../docs/latex/refman.pdf, page 73>
Package pdftex.def Info: ../docs/latex/refman.pdf , page73 used on input line 2
20.
(pdftex.def)             Requested size: 597.53416pt x 845.08372pt.

[127 <../docs/latex/refman.pdf>]
<../docs/latex/refman.pdf, id=3818, page=74, 597.50829pt x 845.0471pt>
File: ../docs/latex/refman.pdf Graphic file (type pdf)
<use ../docs/latex/refman.pdf, page 74>
Package pdftex.def Info: ../docs/latex/refman.pdf , page74 used on input line 2
20.
(pdftex.def)             Requested size: 597.53416pt x 845.08372pt.
File: ../docs/latex/refman.pdf Graphic file (type pdf)
<use ../docs/latex/refman.pdf, page 74>
Package pdftex.def Info: ../docs/latex/refman.pdf , page74 used on input line 2
20.
(pdftex.def)             Requested size: 597.53416pt x 845.08372pt.
File: ../docs/latex/refman.pdf Graphic file (type pdf)
<use ../docs/latex/refman.pdf, page 74>
Package pdftex.def Info: ../docs/latex/refman.pdf , page74 used on input line 2
20.
(pdftex.def)             Requested size: 597.53416pt x 845.08372pt.
 [128 <../docs/latex/refman.pdf>]
<../docs/latex/refman.pdf, id=3823, page=75, 597.50829pt x 845.0471pt>
File: ../docs/latex/refman.pdf Graphic file (type pdf)
<use ../docs/latex/refman.pdf, page 75>
Package pdftex.def Info: ../docs/latex/refman.pdf , page75 used on input line 2
20.
(pdftex.def)             Requested size: 597.53416pt x 845.08372pt.
File: ../docs/latex/refman.pdf Graphic file (type pdf)
<use ../docs/latex/refman.pdf, page 75>
Package pdftex.def Info: ../docs/latex/refman.pdf , page75 used on input line 2
20.
(pdftex.def)             Requested size: 597.53416pt x 845.08372pt.
File: ../docs/latex/refman.pdf Graphic file (type pdf)
<use ../docs/latex/refman.pdf, page 75>
Package pdftex.def Info: ../docs/latex/refman.pdf , page75 used on input line 2
20.
(pdftex.def)             Requested size: 597.53416pt x 845.08372pt.
 [129 <../docs/latex/refman.pdf>]
<../docs/latex/refman.pdf, id=3829, page=76, 597.50829pt x 845.0471pt>
File: ../docs/latex/refman.pdf Graphic file (type pdf)
<use ../docs/latex/refman.pdf, page 76>
Package pdftex.def Info: ../docs/latex/refman.pdf , page76 used on input line 2
20.
(pdftex.def)             Requested size: 597.53416pt x 845.08372pt.
File: ../docs/latex/refman.pdf Graphic file (type pdf)
<use ../docs/latex/refman.pdf, page 76>
Package pdftex.def Info: ../docs/latex/refman.pdf , page76 used on input line 2
20.
(pdftex.def)             Requested size: 597.53416pt x 845.08372pt.
File: ../docs/latex/refman.pdf Graphic file (type pdf)
<use ../docs/latex/refman.pdf, page 76>
Package pdftex.def Info: ../docs/latex/refman.pdf , page76 used on input line 2
20.
(pdftex.def)             Requested size: 597.53416pt x 845.08372pt.
 [130 <../docs/latex/refman.pdf>]
<../docs/latex/refman.pdf, id=3834, page=77, 597.50829pt x 845.0471pt>
File: ../docs/latex/refman.pdf Graphic file (type pdf)
<use ../docs/latex/refman.pdf, page 77>
Package pdftex.def Info: ../docs/latex/refman.pdf , page77 used on input line 2
20.
(pdftex.def)             Requested size: 597.53416pt x 845.08372pt.
File: ../docs/latex/refman.pdf Graphic file (type pdf)
<use ../docs/latex/refman.pdf, page 77>
Package pdftex.def Info: ../docs/latex/refman.pdf , page77 used on input line 2
20.
(pdftex.def)             Requested size: 597.53416pt x 845.08372pt.
File: ../docs/latex/refman.pdf Graphic file (type pdf)
<use ../docs/latex/refman.pdf, page 77>
Package pdftex.def Info: ../docs/latex/refman.pdf , page77 used on input line 2
20.
(pdftex.def)             Requested size: 597.53416pt x 845.08372pt.
 [131 <../docs/latex/refman.pdf>]
<../docs/latex/refman.pdf, id=3840, page=78, 597.50829pt x 845.0471pt>
File: ../docs/latex/refman.pdf Graphic file (type pdf)
<use ../docs/latex/refman.pdf, page 78>
Package pdftex.def Info: ../docs/latex/refman.pdf , page78 used on input line 2
20.
(pdftex.def)             Requested size: 597.53416pt x 845.08372pt.
File: ../docs/latex/refman.pdf Graphic file (type pdf)
<use ../docs/latex/refman.pdf, page 78>
Package pdftex.def Info: ../docs/latex/refman.pdf , page78 used on input line 2
20.
(pdftex.def)             Requested size: 597.53416pt x 845.08372pt.
File: ../docs/latex/refman.pdf Graphic file (type pdf)
<use ../docs/latex/refman.pdf, page 78>
Package pdftex.def Info: ../docs/latex/refman.pdf , page78 used on input line 2
20.
(pdftex.def)             Requested size: 597.53416pt x 845.08372pt.
 [132 <../docs/latex/refman.pdf>]
<../docs/latex/refman.pdf, id=3845, page=79, 597.50829pt x 845.0471pt>
File: ../docs/latex/refman.pdf Graphic file (type pdf)
<use ../docs/latex/refman.pdf, page 79>
Package pdftex.def Info: ../docs/latex/refman.pdf , page79 used on input line 2
20.
(pdftex.def)             Requested size: 597.53416pt x 845.08372pt.
File: ../docs/latex/refman.pdf Graphic file (type pdf)
<use ../docs/latex/refman.pdf, page 79>
Package pdftex.def Info: ../docs/latex/refman.pdf , page79 used on input line 2
20.
(pdftex.def)             Requested size: 597.53416pt x 845.08372pt.
File: ../docs/latex/refman.pdf Graphic file (type pdf)
<use ../docs/latex/refman.pdf, page 79>
Package pdftex.def Info: ../docs/latex/refman.pdf , page79 used on input line 2
20.
(pdftex.def)             Requested size: 597.53416pt x 845.08372pt.
 [133 <../docs/latex/refman.pdf>]
<../docs/latex/refman.pdf, id=3850, page=80, 597.50829pt x 845.0471pt>
File: ../docs/latex/refman.pdf Graphic file (type pdf)
<use ../docs/latex/refman.pdf, page 80>
Package pdftex.def Info: ../docs/latex/refman.pdf , page80 used on input line 2
20.
(pdftex.def)             Requested size: 597.53416pt x 845.08372pt.
File: ../docs/latex/refman.pdf Graphic file (type pdf)
<use ../docs/latex/refman.pdf, page 80>
Package pdftex.def Info: ../docs/latex/refman.pdf , page80 used on input line 2
20.
(pdftex.def)             Requested size: 597.53416pt x 845.08372pt.
File: ../docs/latex/refman.pdf Graphic file (type pdf)
<use ../docs/latex/refman.pdf, page 80>
Package pdftex.def Info: ../docs/latex/refman.pdf , page80 used on input line 2
20.
(pdftex.def)             Requested size: 597.53416pt x 845.08372pt.

[134 <../docs/latex/refman.pdf>]
<../docs/latex/refman.pdf, id=3855, page=81, 597.50829pt x 845.0471pt>
File: ../docs/latex/refman.pdf Graphic file (type pdf)
<use ../docs/latex/refman.pdf, page 81>
Package pdftex.def Info: ../docs/latex/refman.pdf , page81 used on input line 2
20.
(pdftex.def)             Requested size: 597.53416pt x 845.08372pt.
File: ../docs/latex/refman.pdf Graphic file (type pdf)
<use ../docs/latex/refman.pdf, page 81>
Package pdftex.def Info: ../docs/latex/refman.pdf , page81 used on input line 2
20.
(pdftex.def)             Requested size: 597.53416pt x 845.08372pt.
File: ../docs/latex/refman.pdf Graphic file (type pdf)
<use ../docs/latex/refman.pdf, page 81>
Package pdftex.def Info: ../docs/latex/refman.pdf , page81 used on input line 2
20.
(pdftex.def)             Requested size: 597.53416pt x 845.08372pt.
 [135 <../docs/latex/refman.pdf>]
<../docs/latex/refman.pdf, id=3860, page=82, 597.50829pt x 845.0471pt>
File: ../docs/latex/refman.pdf Graphic file (type pdf)
<use ../docs/latex/refman.pdf, page 82>
Package pdftex.def Info: ../docs/latex/refman.pdf , page82 used on input line 2
20.
(pdftex.def)             Requested size: 597.53416pt x 845.08372pt.
File: ../docs/latex/refman.pdf Graphic file (type pdf)
<use ../docs/latex/refman.pdf, page 82>
Package pdftex.def Info: ../docs/latex/refman.pdf , page82 used on input line 2
20.
(pdftex.def)             Requested size: 597.53416pt x 845.08372pt.
File: ../docs/latex/refman.pdf Graphic file (type pdf)
<use ../docs/latex/refman.pdf, page 82>
Package pdftex.def Info: ../docs/latex/refman.pdf , page82 used on input line 2
20.
(pdftex.def)             Requested size: 597.53416pt x 845.08372pt.
 [136 <../docs/latex/refman.pdf>] (./paper.aux)
Package rerunfilecheck Info: File `paper.out' has not changed.
(rerunfilecheck)             Checksum: 5CC2AF464CD813328A6A760DDB3EFE23;1411.


LaTeX Warning: There were multiply-defined labels.

 ) 
Here is how much of TeX's memory you used:
 17844 strings out of 479383
 274967 string characters out of 5875830
 1353583 words of memory out of 5000000
 31619 multiletter control sequences out of 15000+600000
 412043 words of font info for 58 fonts, out of 8000000 for 9000
 1141 hyphenation exceptions out of 8191
 93i,17n,97p,1158b,2184s stack positions out of 5000i,500n,10000p,200000b,80000s
{/usr/share/texmf-dist/fonts/enc/dvips/cm-super/cm-super-ts1.enc}</usr/share/
texmf-dist/fonts/type1/public/amsfonts/cm/cmbx12.pfb></usr/share/texmf-dist/fon
ts/type1/public/amsfonts/cm/cmmi10.pfb></usr/share/texmf-dist/fonts/type1/publi
c/amsfonts/cm/cmmi7.pfb></usr/share/texmf-dist/fonts/type1/public/amsfonts/cm/c
mr12.pfb></usr/share/texmf-dist/fonts/type1/public/amsfonts/cm/cmr17.pfb></usr/
share/texmf-dist/fonts/type1/public/amsfonts/cm/cmr6.pfb></usr/share/texmf-dist
/fonts/type1/public/amsfonts/cm/cmsy10.pfb></usr/share/texmf-dist/fonts/type1/p
ublic/amsfonts/cm/cmsy7.pfb></usr/share/texmf-dist/fonts/type1/public/amsfonts/
cm/cmsy8.pfb></usr/share/texmf-dist/fonts/type1/public/amsfonts/cm/cmsy9.pfb></
usr/share/texmf-dist/fonts/type1/public/amsfonts/cm/cmti12.pfb></usr/share/texm
f-dist/fonts/type1/public/amsfonts/cm/cmtt12.pfb></usr/share/texmf-dist/fonts/t
ype1/public/amsfonts/cm/cmtt8.pfb></usr/share/texmf-dist/fonts/type1/public/cm-
super/sfrm1200.pfb></usr/share/texmf-dist/fonts/type1/public/cm-super/sftt0800.
pfb></usr/share/texmf-dist/fonts/type1/urw/courier/ucrr8a.pfb></usr/share/texmf
-dist/fonts/type1/urw/courier/ucrro8a.pfb></usr/share/texmf-dist/fonts/type1/ur
w/helvetic/uhvb8a.pfb></usr/share/texmf-dist/fonts/type1/urw/helvetic/uhvb8ac.p
fb></usr/share/texmf-dist/fonts/type1/urw/helvetic/uhvr8a.pfb></usr/share/texmf
-dist/fonts/type1/urw/helvetic/uhvro8a.pfb>
Output written on paper.pdf (138 pages, 665806 bytes).
PDF statistics:
 4526 PDF objects out of 5155 (max. 8388607)
 4233 compressed objects within 43 object streams
 3016 named destinations out of 3580 (max. 500000)
 630 words of extra memory for PDF output out of 10000 (max. 10000000)

